The system is: Darwin - 18.5.0 - x86_64
Compiling the CXX compiler identification source file "CMakeCXXCompilerId.cpp" succeeded.
Compiler: /Applications/Xcode.app/Contents/Developer/Toolchains/XcodeDefault.xctoolchain/usr/bin/c++ 
Build flags: 
Id flags:  

The output was:
0


Compilation of the CXX compiler identification source "CMakeCXXCompilerId.cpp" produced "a.out"

The CXX compiler identification is AppleClang, found in "/Users/leehagaman/Desktop/cs184/BuoyancySimulator/CGAL-4.14/CMakeFiles/3.12.1/CompilerIdCXX/a.out"

Compiling the C compiler identification source file "CMakeCCompilerId.c" succeeded.
Compiler: /Applications/Xcode.app/Contents/Developer/Toolchains/XcodeDefault.xctoolchain/usr/bin/cc 
Build flags: 
Id flags:  

The output was:
0


Compilation of the C compiler identification source "CMakeCCompilerId.c" produced "a.out"

The C compiler identification is AppleClang, found in "/Users/leehagaman/Desktop/cs184/BuoyancySimulator/CGAL-4.14/CMakeFiles/3.12.1/CompilerIdC/a.out"

Determining if the CXX compiler works passed with the following output:
Change Dir: /Users/leehagaman/Desktop/cs184/BuoyancySimulator/CGAL-4.14/CMakeFiles/CMakeTmp

Run Build Command:"/usr/bin/make" "cmTC_e273e/fast"
/Applications/Xcode.app/Contents/Developer/usr/bin/make -f CMakeFiles/cmTC_e273e.dir/build.make CMakeFiles/cmTC_e273e.dir/build
Building CXX object CMakeFiles/cmTC_e273e.dir/testCXXCompiler.cxx.o
/Applications/Xcode.app/Contents/Developer/Toolchains/XcodeDefault.xctoolchain/usr/bin/c++    -isysroot /Applications/Xcode.app/Contents/Developer/Platforms/MacOSX.platform/Developer/SDKs/MacOSX10.14.sdk   -o CMakeFiles/cmTC_e273e.dir/testCXXCompiler.cxx.o -c /Users/leehagaman/Desktop/cs184/BuoyancySimulator/CGAL-4.14/CMakeFiles/CMakeTmp/testCXXCompiler.cxx
Linking CXX executable cmTC_e273e
/opt/local/bin/cmake -E cmake_link_script CMakeFiles/cmTC_e273e.dir/link.txt --verbose=1
/Applications/Xcode.app/Contents/Developer/Toolchains/XcodeDefault.xctoolchain/usr/bin/c++    -isysroot /Applications/Xcode.app/Contents/Developer/Platforms/MacOSX.platform/Developer/SDKs/MacOSX10.14.sdk -Wl,-search_paths_first -Wl,-headerpad_max_install_names   CMakeFiles/cmTC_e273e.dir/testCXXCompiler.cxx.o  -o cmTC_e273e 


Detecting CXX compiler ABI info compiled with the following output:
Change Dir: /Users/leehagaman/Desktop/cs184/BuoyancySimulator/CGAL-4.14/CMakeFiles/CMakeTmp

Run Build Command:"/usr/bin/make" "cmTC_53bd6/fast"
/Applications/Xcode.app/Contents/Developer/usr/bin/make -f CMakeFiles/cmTC_53bd6.dir/build.make CMakeFiles/cmTC_53bd6.dir/build
Building CXX object CMakeFiles/cmTC_53bd6.dir/CMakeCXXCompilerABI.cpp.o
/Applications/Xcode.app/Contents/Developer/Toolchains/XcodeDefault.xctoolchain/usr/bin/c++    -isysroot /Applications/Xcode.app/Contents/Developer/Platforms/MacOSX.platform/Developer/SDKs/MacOSX10.14.sdk   -o CMakeFiles/cmTC_53bd6.dir/CMakeCXXCompilerABI.cpp.o -c /opt/local/share/cmake-3.12/Modules/CMakeCXXCompilerABI.cpp
Linking CXX executable cmTC_53bd6
/opt/local/bin/cmake -E cmake_link_script CMakeFiles/cmTC_53bd6.dir/link.txt --verbose=1
/Applications/Xcode.app/Contents/Developer/Toolchains/XcodeDefault.xctoolchain/usr/bin/c++    -isysroot /Applications/Xcode.app/Contents/Developer/Platforms/MacOSX.platform/Developer/SDKs/MacOSX10.14.sdk -Wl,-search_paths_first -Wl,-headerpad_max_install_names  -v -Wl,-v CMakeFiles/cmTC_53bd6.dir/CMakeCXXCompilerABI.cpp.o  -o cmTC_53bd6 
Apple LLVM version 10.0.1 (clang-1001.0.46.4)
Target: x86_64-apple-darwin18.5.0
Thread model: posix
InstalledDir: /Applications/Xcode.app/Contents/Developer/Toolchains/XcodeDefault.xctoolchain/usr/bin
 "/Applications/Xcode.app/Contents/Developer/Toolchains/XcodeDefault.xctoolchain/usr/bin/ld" -demangle -lto_library /Applications/Xcode.app/Contents/Developer/Toolchains/XcodeDefault.xctoolchain/usr/lib/libLTO.dylib -dynamic -arch x86_64 -macosx_version_min 10.14.0 -syslibroot /Applications/Xcode.app/Contents/Developer/Platforms/MacOSX.platform/Developer/SDKs/MacOSX10.14.sdk -o cmTC_53bd6 -search_paths_first -headerpad_max_install_names -v CMakeFiles/cmTC_53bd6.dir/CMakeCXXCompilerABI.cpp.o -lc++ -lSystem /Applications/Xcode.app/Contents/Developer/Toolchains/XcodeDefault.xctoolchain/usr/lib/clang/10.0.1/lib/darwin/libclang_rt.osx.a
@(#)PROGRAM:ld  PROJECT:ld64-450.3
BUILD 18:45:16 Apr  4 2019
configured to support archs: armv6 armv7 armv7s arm64 arm64e arm64_32 i386 x86_64 x86_64h armv6m armv7k armv7m armv7em
Library search paths:
	/Applications/Xcode.app/Contents/Developer/Platforms/MacOSX.platform/Developer/SDKs/MacOSX10.14.sdk/usr/lib
Framework search paths:
	/Applications/Xcode.app/Contents/Developer/Platforms/MacOSX.platform/Developer/SDKs/MacOSX10.14.sdk/System/Library/Frameworks/


Parsed CXX implicit link information from above output:
  link line regex: [^( *|.*[/\])(ld|CMAKE_LINK_STARTFILE-NOTFOUND|([^/\]+-)?ld|collect2)[^/\]*( |$)]
  ignore line: [Change Dir: /Users/leehagaman/Desktop/cs184/BuoyancySimulator/CGAL-4.14/CMakeFiles/CMakeTmp]
  ignore line: []
  ignore line: [Run Build Command:"/usr/bin/make" "cmTC_53bd6/fast"]
  ignore line: [/Applications/Xcode.app/Contents/Developer/usr/bin/make -f CMakeFiles/cmTC_53bd6.dir/build.make CMakeFiles/cmTC_53bd6.dir/build]
  ignore line: [Building CXX object CMakeFiles/cmTC_53bd6.dir/CMakeCXXCompilerABI.cpp.o]
  ignore line: [/Applications/Xcode.app/Contents/Developer/Toolchains/XcodeDefault.xctoolchain/usr/bin/c++    -isysroot /Applications/Xcode.app/Contents/Developer/Platforms/MacOSX.platform/Developer/SDKs/MacOSX10.14.sdk   -o CMakeFiles/cmTC_53bd6.dir/CMakeCXXCompilerABI.cpp.o -c /opt/local/share/cmake-3.12/Modules/CMakeCXXCompilerABI.cpp]
  ignore line: [Linking CXX executable cmTC_53bd6]
  ignore line: [/opt/local/bin/cmake -E cmake_link_script CMakeFiles/cmTC_53bd6.dir/link.txt --verbose=1]
  ignore line: [/Applications/Xcode.app/Contents/Developer/Toolchains/XcodeDefault.xctoolchain/usr/bin/c++    -isysroot /Applications/Xcode.app/Contents/Developer/Platforms/MacOSX.platform/Developer/SDKs/MacOSX10.14.sdk -Wl,-search_paths_first -Wl,-headerpad_max_install_names  -v -Wl,-v CMakeFiles/cmTC_53bd6.dir/CMakeCXXCompilerABI.cpp.o  -o cmTC_53bd6 ]
  ignore line: [Apple LLVM version 10.0.1 (clang-1001.0.46.4)]
  ignore line: [Target: x86_64-apple-darwin18.5.0]
  ignore line: [Thread model: posix]
  ignore line: [InstalledDir: /Applications/Xcode.app/Contents/Developer/Toolchains/XcodeDefault.xctoolchain/usr/bin]
  link line: [ "/Applications/Xcode.app/Contents/Developer/Toolchains/XcodeDefault.xctoolchain/usr/bin/ld" -demangle -lto_library /Applications/Xcode.app/Contents/Developer/Toolchains/XcodeDefault.xctoolchain/usr/lib/libLTO.dylib -dynamic -arch x86_64 -macosx_version_min 10.14.0 -syslibroot /Applications/Xcode.app/Contents/Developer/Platforms/MacOSX.platform/Developer/SDKs/MacOSX10.14.sdk -o cmTC_53bd6 -search_paths_first -headerpad_max_install_names -v CMakeFiles/cmTC_53bd6.dir/CMakeCXXCompilerABI.cpp.o -lc++ -lSystem /Applications/Xcode.app/Contents/Developer/Toolchains/XcodeDefault.xctoolchain/usr/lib/clang/10.0.1/lib/darwin/libclang_rt.osx.a]
    arg [/Applications/Xcode.app/Contents/Developer/Toolchains/XcodeDefault.xctoolchain/usr/bin/ld] ==> ignore
    arg [-demangle] ==> ignore
    arg [-lto_library] ==> ignore, skip following value
    arg [/Applications/Xcode.app/Contents/Developer/Toolchains/XcodeDefault.xctoolchain/usr/lib/libLTO.dylib] ==> skip value of -lto_library
    arg [-dynamic] ==> ignore
    arg [-arch] ==> ignore
    arg [x86_64] ==> ignore
    arg [-macosx_version_min] ==> ignore
    arg [10.14.0] ==> ignore
    arg [-syslibroot] ==> ignore
    arg [/Applications/Xcode.app/Contents/Developer/Platforms/MacOSX.platform/Developer/SDKs/MacOSX10.14.sdk] ==> ignore
    arg [-o] ==> ignore
    arg [cmTC_53bd6] ==> ignore
    arg [-search_paths_first] ==> ignore
    arg [-headerpad_max_install_names] ==> ignore
    arg [-v] ==> ignore
    arg [CMakeFiles/cmTC_53bd6.dir/CMakeCXXCompilerABI.cpp.o] ==> ignore
    arg [-lc++] ==> lib [c++]
    arg [-lSystem] ==> lib [System]
    arg [/Applications/Xcode.app/Contents/Developer/Toolchains/XcodeDefault.xctoolchain/usr/lib/clang/10.0.1/lib/darwin/libclang_rt.osx.a] ==> lib [/Applications/Xcode.app/Contents/Developer/Toolchains/XcodeDefault.xctoolchain/usr/lib/clang/10.0.1/lib/darwin/libclang_rt.osx.a]
  Library search paths: [;/Applications/Xcode.app/Contents/Developer/Platforms/MacOSX.platform/Developer/SDKs/MacOSX10.14.sdk/usr/lib]
  Framework search paths: [;/Applications/Xcode.app/Contents/Developer/Platforms/MacOSX.platform/Developer/SDKs/MacOSX10.14.sdk/System/Library/Frameworks/]
  remove lib [System]
  remove lib [/Applications/Xcode.app/Contents/Developer/Toolchains/XcodeDefault.xctoolchain/usr/lib/clang/10.0.1/lib/darwin/libclang_rt.osx.a]
  collapse library dir [/Applications/Xcode.app/Contents/Developer/Platforms/MacOSX.platform/Developer/SDKs/MacOSX10.14.sdk/usr/lib] ==> [/Applications/Xcode.app/Contents/Developer/Platforms/MacOSX.platform/Developer/SDKs/MacOSX10.14.sdk/usr/lib]
  collapse framework dir [/Applications/Xcode.app/Contents/Developer/Platforms/MacOSX.platform/Developer/SDKs/MacOSX10.14.sdk/System/Library/Frameworks/] ==> [/Applications/Xcode.app/Contents/Developer/Platforms/MacOSX.platform/Developer/SDKs/MacOSX10.14.sdk/System/Library/Frameworks]
  implicit libs: [c++]
  implicit dirs: [/Applications/Xcode.app/Contents/Developer/Platforms/MacOSX.platform/Developer/SDKs/MacOSX10.14.sdk/usr/lib]
  implicit fwks: [/Applications/Xcode.app/Contents/Developer/Platforms/MacOSX.platform/Developer/SDKs/MacOSX10.14.sdk/System/Library/Frameworks]




Detecting CXX [-std=c++1z] compiler features compiled with the following output:
Change Dir: /Users/leehagaman/Desktop/cs184/BuoyancySimulator/CGAL-4.14/CMakeFiles/CMakeTmp

Run Build Command:"/usr/bin/make" "cmTC_9a18e/fast"
/Applications/Xcode.app/Contents/Developer/usr/bin/make -f CMakeFiles/cmTC_9a18e.dir/build.make CMakeFiles/cmTC_9a18e.dir/build
Building CXX object CMakeFiles/cmTC_9a18e.dir/feature_tests.cxx.o
/Applications/Xcode.app/Contents/Developer/Toolchains/XcodeDefault.xctoolchain/usr/bin/c++    -isysroot /Applications/Xcode.app/Contents/Developer/Platforms/MacOSX.platform/Developer/SDKs/MacOSX10.14.sdk   -std=c++1z -o CMakeFiles/cmTC_9a18e.dir/feature_tests.cxx.o -c /Users/leehagaman/Desktop/cs184/BuoyancySimulator/CGAL-4.14/CMakeFiles/feature_tests.cxx
Linking CXX executable cmTC_9a18e
/opt/local/bin/cmake -E cmake_link_script CMakeFiles/cmTC_9a18e.dir/link.txt --verbose=1
/Applications/Xcode.app/Contents/Developer/Toolchains/XcodeDefault.xctoolchain/usr/bin/c++    -isysroot /Applications/Xcode.app/Contents/Developer/Platforms/MacOSX.platform/Developer/SDKs/MacOSX10.14.sdk -Wl,-search_paths_first -Wl,-headerpad_max_install_names   CMakeFiles/cmTC_9a18e.dir/feature_tests.cxx.o  -o cmTC_9a18e 


    Feature record: CXX_FEATURE:1cxx_aggregate_default_initializers
    Feature record: CXX_FEATURE:1cxx_alias_templates
    Feature record: CXX_FEATURE:1cxx_alignas
    Feature record: CXX_FEATURE:1cxx_alignof
    Feature record: CXX_FEATURE:1cxx_attributes
    Feature record: CXX_FEATURE:1cxx_attribute_deprecated
    Feature record: CXX_FEATURE:1cxx_auto_type
    Feature record: CXX_FEATURE:1cxx_binary_literals
    Feature record: CXX_FEATURE:1cxx_constexpr
    Feature record: CXX_FEATURE:1cxx_contextual_conversions
    Feature record: CXX_FEATURE:1cxx_decltype
    Feature record: CXX_FEATURE:1cxx_decltype_auto
    Feature record: CXX_FEATURE:1cxx_decltype_incomplete_return_types
    Feature record: CXX_FEATURE:1cxx_default_function_template_args
    Feature record: CXX_FEATURE:1cxx_defaulted_functions
    Feature record: CXX_FEATURE:1cxx_defaulted_move_initializers
    Feature record: CXX_FEATURE:1cxx_delegating_constructors
    Feature record: CXX_FEATURE:1cxx_deleted_functions
    Feature record: CXX_FEATURE:1cxx_digit_separators
    Feature record: CXX_FEATURE:1cxx_enum_forward_declarations
    Feature record: CXX_FEATURE:1cxx_explicit_conversions
    Feature record: CXX_FEATURE:1cxx_extended_friend_declarations
    Feature record: CXX_FEATURE:1cxx_extern_templates
    Feature record: CXX_FEATURE:1cxx_final
    Feature record: CXX_FEATURE:1cxx_func_identifier
    Feature record: CXX_FEATURE:1cxx_generalized_initializers
    Feature record: CXX_FEATURE:1cxx_generic_lambdas
    Feature record: CXX_FEATURE:1cxx_inheriting_constructors
    Feature record: CXX_FEATURE:1cxx_inline_namespaces
    Feature record: CXX_FEATURE:1cxx_lambdas
    Feature record: CXX_FEATURE:1cxx_lambda_init_captures
    Feature record: CXX_FEATURE:1cxx_local_type_template_args
    Feature record: CXX_FEATURE:1cxx_long_long_type
    Feature record: CXX_FEATURE:1cxx_noexcept
    Feature record: CXX_FEATURE:1cxx_nonstatic_member_init
    Feature record: CXX_FEATURE:1cxx_nullptr
    Feature record: CXX_FEATURE:1cxx_override
    Feature record: CXX_FEATURE:1cxx_range_for
    Feature record: CXX_FEATURE:1cxx_raw_string_literals
    Feature record: CXX_FEATURE:1cxx_reference_qualified_functions
    Feature record: CXX_FEATURE:1cxx_relaxed_constexpr
    Feature record: CXX_FEATURE:1cxx_return_type_deduction
    Feature record: CXX_FEATURE:1cxx_right_angle_brackets
    Feature record: CXX_FEATURE:1cxx_rvalue_references
    Feature record: CXX_FEATURE:1cxx_sizeof_member
    Feature record: CXX_FEATURE:1cxx_static_assert
    Feature record: CXX_FEATURE:1cxx_strong_enums
    Feature record: CXX_FEATURE:1cxx_template_template_parameters
    Feature record: CXX_FEATURE:1cxx_thread_local
    Feature record: CXX_FEATURE:1cxx_trailing_return_types
    Feature record: CXX_FEATURE:1cxx_unicode_literals
    Feature record: CXX_FEATURE:1cxx_uniform_initialization
    Feature record: CXX_FEATURE:1cxx_unrestricted_unions
    Feature record: CXX_FEATURE:1cxx_user_literals
    Feature record: CXX_FEATURE:1cxx_variable_templates
    Feature record: CXX_FEATURE:1cxx_variadic_macros
    Feature record: CXX_FEATURE:1cxx_variadic_templates


Detecting CXX [-std=c++14] compiler features compiled with the following output:
Change Dir: /Users/leehagaman/Desktop/cs184/BuoyancySimulator/CGAL-4.14/CMakeFiles/CMakeTmp

Run Build Command:"/usr/bin/make" "cmTC_e813b/fast"
/Applications/Xcode.app/Contents/Developer/usr/bin/make -f CMakeFiles/cmTC_e813b.dir/build.make CMakeFiles/cmTC_e813b.dir/build
Building CXX object CMakeFiles/cmTC_e813b.dir/feature_tests.cxx.o
/Applications/Xcode.app/Contents/Developer/Toolchains/XcodeDefault.xctoolchain/usr/bin/c++    -isysroot /Applications/Xcode.app/Contents/Developer/Platforms/MacOSX.platform/Developer/SDKs/MacOSX10.14.sdk   -std=c++14 -o CMakeFiles/cmTC_e813b.dir/feature_tests.cxx.o -c /Users/leehagaman/Desktop/cs184/BuoyancySimulator/CGAL-4.14/CMakeFiles/feature_tests.cxx
Linking CXX executable cmTC_e813b
/opt/local/bin/cmake -E cmake_link_script CMakeFiles/cmTC_e813b.dir/link.txt --verbose=1
/Applications/Xcode.app/Contents/Developer/Toolchains/XcodeDefault.xctoolchain/usr/bin/c++    -isysroot /Applications/Xcode.app/Contents/Developer/Platforms/MacOSX.platform/Developer/SDKs/MacOSX10.14.sdk -Wl,-search_paths_first -Wl,-headerpad_max_install_names   CMakeFiles/cmTC_e813b.dir/feature_tests.cxx.o  -o cmTC_e813b 


    Feature record: CXX_FEATURE:1cxx_aggregate_default_initializers
    Feature record: CXX_FEATURE:1cxx_alias_templates
    Feature record: CXX_FEATURE:1cxx_alignas
    Feature record: CXX_FEATURE:1cxx_alignof
    Feature record: CXX_FEATURE:1cxx_attributes
    Feature record: CXX_FEATURE:1cxx_attribute_deprecated
    Feature record: CXX_FEATURE:1cxx_auto_type
    Feature record: CXX_FEATURE:1cxx_binary_literals
    Feature record: CXX_FEATURE:1cxx_constexpr
    Feature record: CXX_FEATURE:1cxx_contextual_conversions
    Feature record: CXX_FEATURE:1cxx_decltype
    Feature record: CXX_FEATURE:1cxx_decltype_auto
    Feature record: CXX_FEATURE:1cxx_decltype_incomplete_return_types
    Feature record: CXX_FEATURE:1cxx_default_function_template_args
    Feature record: CXX_FEATURE:1cxx_defaulted_functions
    Feature record: CXX_FEATURE:1cxx_defaulted_move_initializers
    Feature record: CXX_FEATURE:1cxx_delegating_constructors
    Feature record: CXX_FEATURE:1cxx_deleted_functions
    Feature record: CXX_FEATURE:1cxx_digit_separators
    Feature record: CXX_FEATURE:1cxx_enum_forward_declarations
    Feature record: CXX_FEATURE:1cxx_explicit_conversions
    Feature record: CXX_FEATURE:1cxx_extended_friend_declarations
    Feature record: CXX_FEATURE:1cxx_extern_templates
    Feature record: CXX_FEATURE:1cxx_final
    Feature record: CXX_FEATURE:1cxx_func_identifier
    Feature record: CXX_FEATURE:1cxx_generalized_initializers
    Feature record: CXX_FEATURE:1cxx_generic_lambdas
    Feature record: CXX_FEATURE:1cxx_inheriting_constructors
    Feature record: CXX_FEATURE:1cxx_inline_namespaces
    Feature record: CXX_FEATURE:1cxx_lambdas
    Feature record: CXX_FEATURE:1cxx_lambda_init_captures
    Feature record: CXX_FEATURE:1cxx_local_type_template_args
    Feature record: CXX_FEATURE:1cxx_long_long_type
    Feature record: CXX_FEATURE:1cxx_noexcept
    Feature record: CXX_FEATURE:1cxx_nonstatic_member_init
    Feature record: CXX_FEATURE:1cxx_nullptr
    Feature record: CXX_FEATURE:1cxx_override
    Feature record: CXX_FEATURE:1cxx_range_for
    Feature record: CXX_FEATURE:1cxx_raw_string_literals
    Feature record: CXX_FEATURE:1cxx_reference_qualified_functions
    Feature record: CXX_FEATURE:1cxx_relaxed_constexpr
    Feature record: CXX_FEATURE:1cxx_return_type_deduction
    Feature record: CXX_FEATURE:1cxx_right_angle_brackets
    Feature record: CXX_FEATURE:1cxx_rvalue_references
    Feature record: CXX_FEATURE:1cxx_sizeof_member
    Feature record: CXX_FEATURE:1cxx_static_assert
    Feature record: CXX_FEATURE:1cxx_strong_enums
    Feature record: CXX_FEATURE:1cxx_template_template_parameters
    Feature record: CXX_FEATURE:1cxx_thread_local
    Feature record: CXX_FEATURE:1cxx_trailing_return_types
    Feature record: CXX_FEATURE:1cxx_unicode_literals
    Feature record: CXX_FEATURE:1cxx_uniform_initialization
    Feature record: CXX_FEATURE:1cxx_unrestricted_unions
    Feature record: CXX_FEATURE:1cxx_user_literals
    Feature record: CXX_FEATURE:1cxx_variable_templates
    Feature record: CXX_FEATURE:1cxx_variadic_macros
    Feature record: CXX_FEATURE:1cxx_variadic_templates


Detecting CXX [-std=c++11] compiler features compiled with the following output:
Change Dir: /Users/leehagaman/Desktop/cs184/BuoyancySimulator/CGAL-4.14/CMakeFiles/CMakeTmp

Run Build Command:"/usr/bin/make" "cmTC_00200/fast"
/Applications/Xcode.app/Contents/Developer/usr/bin/make -f CMakeFiles/cmTC_00200.dir/build.make CMakeFiles/cmTC_00200.dir/build
Building CXX object CMakeFiles/cmTC_00200.dir/feature_tests.cxx.o
/Applications/Xcode.app/Contents/Developer/Toolchains/XcodeDefault.xctoolchain/usr/bin/c++    -isysroot /Applications/Xcode.app/Contents/Developer/Platforms/MacOSX.platform/Developer/SDKs/MacOSX10.14.sdk   -std=c++11 -o CMakeFiles/cmTC_00200.dir/feature_tests.cxx.o -c /Users/leehagaman/Desktop/cs184/BuoyancySimulator/CGAL-4.14/CMakeFiles/feature_tests.cxx
Linking CXX executable cmTC_00200
/opt/local/bin/cmake -E cmake_link_script CMakeFiles/cmTC_00200.dir/link.txt --verbose=1
/Applications/Xcode.app/Contents/Developer/Toolchains/XcodeDefault.xctoolchain/usr/bin/c++    -isysroot /Applications/Xcode.app/Contents/Developer/Platforms/MacOSX.platform/Developer/SDKs/MacOSX10.14.sdk -Wl,-search_paths_first -Wl,-headerpad_max_install_names   CMakeFiles/cmTC_00200.dir/feature_tests.cxx.o  -o cmTC_00200 


    Feature record: CXX_FEATURE:0cxx_aggregate_default_initializers
    Feature record: CXX_FEATURE:1cxx_alias_templates
    Feature record: CXX_FEATURE:1cxx_alignas
    Feature record: CXX_FEATURE:1cxx_alignof
    Feature record: CXX_FEATURE:1cxx_attributes
    Feature record: CXX_FEATURE:0cxx_attribute_deprecated
    Feature record: CXX_FEATURE:1cxx_auto_type
    Feature record: CXX_FEATURE:0cxx_binary_literals
    Feature record: CXX_FEATURE:1cxx_constexpr
    Feature record: CXX_FEATURE:0cxx_contextual_conversions
    Feature record: CXX_FEATURE:1cxx_decltype
    Feature record: CXX_FEATURE:0cxx_decltype_auto
    Feature record: CXX_FEATURE:1cxx_decltype_incomplete_return_types
    Feature record: CXX_FEATURE:1cxx_default_function_template_args
    Feature record: CXX_FEATURE:1cxx_defaulted_functions
    Feature record: CXX_FEATURE:1cxx_defaulted_move_initializers
    Feature record: CXX_FEATURE:1cxx_delegating_constructors
    Feature record: CXX_FEATURE:1cxx_deleted_functions
    Feature record: CXX_FEATURE:0cxx_digit_separators
    Feature record: CXX_FEATURE:1cxx_enum_forward_declarations
    Feature record: CXX_FEATURE:1cxx_explicit_conversions
    Feature record: CXX_FEATURE:1cxx_extended_friend_declarations
    Feature record: CXX_FEATURE:1cxx_extern_templates
    Feature record: CXX_FEATURE:1cxx_final
    Feature record: CXX_FEATURE:1cxx_func_identifier
    Feature record: CXX_FEATURE:1cxx_generalized_initializers
    Feature record: CXX_FEATURE:0cxx_generic_lambdas
    Feature record: CXX_FEATURE:1cxx_inheriting_constructors
    Feature record: CXX_FEATURE:1cxx_inline_namespaces
    Feature record: CXX_FEATURE:1cxx_lambdas
    Feature record: CXX_FEATURE:0cxx_lambda_init_captures
    Feature record: CXX_FEATURE:1cxx_local_type_template_args
    Feature record: CXX_FEATURE:1cxx_long_long_type
    Feature record: CXX_FEATURE:1cxx_noexcept
    Feature record: CXX_FEATURE:1cxx_nonstatic_member_init
    Feature record: CXX_FEATURE:1cxx_nullptr
    Feature record: CXX_FEATURE:1cxx_override
    Feature record: CXX_FEATURE:1cxx_range_for
    Feature record: CXX_FEATURE:1cxx_raw_string_literals
    Feature record: CXX_FEATURE:1cxx_reference_qualified_functions
    Feature record: CXX_FEATURE:0cxx_relaxed_constexpr
    Feature record: CXX_FEATURE:0cxx_return_type_deduction
    Feature record: CXX_FEATURE:1cxx_right_angle_brackets
    Feature record: CXX_FEATURE:1cxx_rvalue_references
    Feature record: CXX_FEATURE:1cxx_sizeof_member
    Feature record: CXX_FEATURE:1cxx_static_assert
    Feature record: CXX_FEATURE:1cxx_strong_enums
    Feature record: CXX_FEATURE:1cxx_template_template_parameters
    Feature record: CXX_FEATURE:1cxx_thread_local
    Feature record: CXX_FEATURE:1cxx_trailing_return_types
    Feature record: CXX_FEATURE:1cxx_unicode_literals
    Feature record: CXX_FEATURE:1cxx_uniform_initialization
    Feature record: CXX_FEATURE:1cxx_unrestricted_unions
    Feature record: CXX_FEATURE:1cxx_user_literals
    Feature record: CXX_FEATURE:0cxx_variable_templates
    Feature record: CXX_FEATURE:1cxx_variadic_macros
    Feature record: CXX_FEATURE:1cxx_variadic_templates


Detecting CXX [-std=c++98] compiler features compiled with the following output:
Change Dir: /Users/leehagaman/Desktop/cs184/BuoyancySimulator/CGAL-4.14/CMakeFiles/CMakeTmp

Run Build Command:"/usr/bin/make" "cmTC_804ad/fast"
/Applications/Xcode.app/Contents/Developer/usr/bin/make -f CMakeFiles/cmTC_804ad.dir/build.make CMakeFiles/cmTC_804ad.dir/build
Building CXX object CMakeFiles/cmTC_804ad.dir/feature_tests.cxx.o
/Applications/Xcode.app/Contents/Developer/Toolchains/XcodeDefault.xctoolchain/usr/bin/c++    -isysroot /Applications/Xcode.app/Contents/Developer/Platforms/MacOSX.platform/Developer/SDKs/MacOSX10.14.sdk   -std=c++98 -o CMakeFiles/cmTC_804ad.dir/feature_tests.cxx.o -c /Users/leehagaman/Desktop/cs184/BuoyancySimulator/CGAL-4.14/CMakeFiles/feature_tests.cxx
Linking CXX executable cmTC_804ad
/opt/local/bin/cmake -E cmake_link_script CMakeFiles/cmTC_804ad.dir/link.txt --verbose=1
/Applications/Xcode.app/Contents/Developer/Toolchains/XcodeDefault.xctoolchain/usr/bin/c++    -isysroot /Applications/Xcode.app/Contents/Developer/Platforms/MacOSX.platform/Developer/SDKs/MacOSX10.14.sdk -Wl,-search_paths_first -Wl,-headerpad_max_install_names   CMakeFiles/cmTC_804ad.dir/feature_tests.cxx.o  -o cmTC_804ad 


    Feature record: CXX_FEATURE:0cxx_aggregate_default_initializers
    Feature record: CXX_FEATURE:0cxx_alias_templates
    Feature record: CXX_FEATURE:0cxx_alignas
    Feature record: CXX_FEATURE:0cxx_alignof
    Feature record: CXX_FEATURE:0cxx_attributes
    Feature record: CXX_FEATURE:0cxx_attribute_deprecated
    Feature record: CXX_FEATURE:0cxx_auto_type
    Feature record: CXX_FEATURE:0cxx_binary_literals
    Feature record: CXX_FEATURE:0cxx_constexpr
    Feature record: CXX_FEATURE:0cxx_contextual_conversions
    Feature record: CXX_FEATURE:0cxx_decltype
    Feature record: CXX_FEATURE:0cxx_decltype_auto
    Feature record: CXX_FEATURE:0cxx_decltype_incomplete_return_types
    Feature record: CXX_FEATURE:0cxx_default_function_template_args
    Feature record: CXX_FEATURE:0cxx_defaulted_functions
    Feature record: CXX_FEATURE:0cxx_defaulted_move_initializers
    Feature record: CXX_FEATURE:0cxx_delegating_constructors
    Feature record: CXX_FEATURE:0cxx_deleted_functions
    Feature record: CXX_FEATURE:0cxx_digit_separators
    Feature record: CXX_FEATURE:0cxx_enum_forward_declarations
    Feature record: CXX_FEATURE:0cxx_explicit_conversions
    Feature record: CXX_FEATURE:0cxx_extended_friend_declarations
    Feature record: CXX_FEATURE:0cxx_extern_templates
    Feature record: CXX_FEATURE:0cxx_final
    Feature record: CXX_FEATURE:0cxx_func_identifier
    Feature record: CXX_FEATURE:0cxx_generalized_initializers
    Feature record: CXX_FEATURE:0cxx_generic_lambdas
    Feature record: CXX_FEATURE:0cxx_inheriting_constructors
    Feature record: CXX_FEATURE:0cxx_inline_namespaces
    Feature record: CXX_FEATURE:0cxx_lambdas
    Feature record: CXX_FEATURE:0cxx_lambda_init_captures
    Feature record: CXX_FEATURE:0cxx_local_type_template_args
    Feature record: CXX_FEATURE:0cxx_long_long_type
    Feature record: CXX_FEATURE:0cxx_noexcept
    Feature record: CXX_FEATURE:0cxx_nonstatic_member_init
    Feature record: CXX_FEATURE:0cxx_nullptr
    Feature record: CXX_FEATURE:0cxx_override
    Feature record: CXX_FEATURE:0cxx_range_for
    Feature record: CXX_FEATURE:0cxx_raw_string_literals
    Feature record: CXX_FEATURE:0cxx_reference_qualified_functions
    Feature record: CXX_FEATURE:0cxx_relaxed_constexpr
    Feature record: CXX_FEATURE:0cxx_return_type_deduction
    Feature record: CXX_FEATURE:0cxx_right_angle_brackets
    Feature record: CXX_FEATURE:0cxx_rvalue_references
    Feature record: CXX_FEATURE:0cxx_sizeof_member
    Feature record: CXX_FEATURE:0cxx_static_assert
    Feature record: CXX_FEATURE:0cxx_strong_enums
    Feature record: CXX_FEATURE:1cxx_template_template_parameters
    Feature record: CXX_FEATURE:0cxx_thread_local
    Feature record: CXX_FEATURE:0cxx_trailing_return_types
    Feature record: CXX_FEATURE:0cxx_unicode_literals
    Feature record: CXX_FEATURE:0cxx_uniform_initialization
    Feature record: CXX_FEATURE:0cxx_unrestricted_unions
    Feature record: CXX_FEATURE:0cxx_user_literals
    Feature record: CXX_FEATURE:0cxx_variable_templates
    Feature record: CXX_FEATURE:0cxx_variadic_macros
    Feature record: CXX_FEATURE:0cxx_variadic_templates
Determining if the C compiler works passed with the following output:
Change Dir: /Users/leehagaman/Desktop/cs184/BuoyancySimulator/CGAL-4.14/CMakeFiles/CMakeTmp

Run Build Command:"/usr/bin/make" "cmTC_a2985/fast"
/Applications/Xcode.app/Contents/Developer/usr/bin/make -f CMakeFiles/cmTC_a2985.dir/build.make CMakeFiles/cmTC_a2985.dir/build
Building C object CMakeFiles/cmTC_a2985.dir/testCCompiler.c.o
/Applications/Xcode.app/Contents/Developer/Toolchains/XcodeDefault.xctoolchain/usr/bin/cc   -isysroot /Applications/Xcode.app/Contents/Developer/Platforms/MacOSX.platform/Developer/SDKs/MacOSX10.14.sdk   -o CMakeFiles/cmTC_a2985.dir/testCCompiler.c.o   -c /Users/leehagaman/Desktop/cs184/BuoyancySimulator/CGAL-4.14/CMakeFiles/CMakeTmp/testCCompiler.c
Linking C executable cmTC_a2985
/opt/local/bin/cmake -E cmake_link_script CMakeFiles/cmTC_a2985.dir/link.txt --verbose=1
/Applications/Xcode.app/Contents/Developer/Toolchains/XcodeDefault.xctoolchain/usr/bin/cc   -isysroot /Applications/Xcode.app/Contents/Developer/Platforms/MacOSX.platform/Developer/SDKs/MacOSX10.14.sdk -Wl,-search_paths_first -Wl,-headerpad_max_install_names   CMakeFiles/cmTC_a2985.dir/testCCompiler.c.o  -o cmTC_a2985 


Detecting C compiler ABI info compiled with the following output:
Change Dir: /Users/leehagaman/Desktop/cs184/BuoyancySimulator/CGAL-4.14/CMakeFiles/CMakeTmp

Run Build Command:"/usr/bin/make" "cmTC_01e2e/fast"
/Applications/Xcode.app/Contents/Developer/usr/bin/make -f CMakeFiles/cmTC_01e2e.dir/build.make CMakeFiles/cmTC_01e2e.dir/build
Building C object CMakeFiles/cmTC_01e2e.dir/CMakeCCompilerABI.c.o
/Applications/Xcode.app/Contents/Developer/Toolchains/XcodeDefault.xctoolchain/usr/bin/cc   -isysroot /Applications/Xcode.app/Contents/Developer/Platforms/MacOSX.platform/Developer/SDKs/MacOSX10.14.sdk   -o CMakeFiles/cmTC_01e2e.dir/CMakeCCompilerABI.c.o   -c /opt/local/share/cmake-3.12/Modules/CMakeCCompilerABI.c
Linking C executable cmTC_01e2e
/opt/local/bin/cmake -E cmake_link_script CMakeFiles/cmTC_01e2e.dir/link.txt --verbose=1
/Applications/Xcode.app/Contents/Developer/Toolchains/XcodeDefault.xctoolchain/usr/bin/cc   -isysroot /Applications/Xcode.app/Contents/Developer/Platforms/MacOSX.platform/Developer/SDKs/MacOSX10.14.sdk -Wl,-search_paths_first -Wl,-headerpad_max_install_names  -v -Wl,-v CMakeFiles/cmTC_01e2e.dir/CMakeCCompilerABI.c.o  -o cmTC_01e2e 
Apple LLVM version 10.0.1 (clang-1001.0.46.4)
Target: x86_64-apple-darwin18.5.0
Thread model: posix
InstalledDir: /Applications/Xcode.app/Contents/Developer/Toolchains/XcodeDefault.xctoolchain/usr/bin
 "/Applications/Xcode.app/Contents/Developer/Toolchains/XcodeDefault.xctoolchain/usr/bin/ld" -demangle -lto_library /Applications/Xcode.app/Contents/Developer/Toolchains/XcodeDefault.xctoolchain/usr/lib/libLTO.dylib -dynamic -arch x86_64 -macosx_version_min 10.14.0 -syslibroot /Applications/Xcode.app/Contents/Developer/Platforms/MacOSX.platform/Developer/SDKs/MacOSX10.14.sdk -o cmTC_01e2e -search_paths_first -headerpad_max_install_names -v CMakeFiles/cmTC_01e2e.dir/CMakeCCompilerABI.c.o -lSystem /Applications/Xcode.app/Contents/Developer/Toolchains/XcodeDefault.xctoolchain/usr/lib/clang/10.0.1/lib/darwin/libclang_rt.osx.a
@(#)PROGRAM:ld  PROJECT:ld64-450.3
BUILD 18:45:16 Apr  4 2019
configured to support archs: armv6 armv7 armv7s arm64 arm64e arm64_32 i386 x86_64 x86_64h armv6m armv7k armv7m armv7em
Library search paths:
	/Applications/Xcode.app/Contents/Developer/Platforms/MacOSX.platform/Developer/SDKs/MacOSX10.14.sdk/usr/lib
Framework search paths:
	/Applications/Xcode.app/Contents/Developer/Platforms/MacOSX.platform/Developer/SDKs/MacOSX10.14.sdk/System/Library/Frameworks/


Parsed C implicit link information from above output:
  link line regex: [^( *|.*[/\])(ld|CMAKE_LINK_STARTFILE-NOTFOUND|([^/\]+-)?ld|collect2)[^/\]*( |$)]
  ignore line: [Change Dir: /Users/leehagaman/Desktop/cs184/BuoyancySimulator/CGAL-4.14/CMakeFiles/CMakeTmp]
  ignore line: []
  ignore line: [Run Build Command:"/usr/bin/make" "cmTC_01e2e/fast"]
  ignore line: [/Applications/Xcode.app/Contents/Developer/usr/bin/make -f CMakeFiles/cmTC_01e2e.dir/build.make CMakeFiles/cmTC_01e2e.dir/build]
  ignore line: [Building C object CMakeFiles/cmTC_01e2e.dir/CMakeCCompilerABI.c.o]
  ignore line: [/Applications/Xcode.app/Contents/Developer/Toolchains/XcodeDefault.xctoolchain/usr/bin/cc   -isysroot /Applications/Xcode.app/Contents/Developer/Platforms/MacOSX.platform/Developer/SDKs/MacOSX10.14.sdk   -o CMakeFiles/cmTC_01e2e.dir/CMakeCCompilerABI.c.o   -c /opt/local/share/cmake-3.12/Modules/CMakeCCompilerABI.c]
  ignore line: [Linking C executable cmTC_01e2e]
  ignore line: [/opt/local/bin/cmake -E cmake_link_script CMakeFiles/cmTC_01e2e.dir/link.txt --verbose=1]
  ignore line: [/Applications/Xcode.app/Contents/Developer/Toolchains/XcodeDefault.xctoolchain/usr/bin/cc   -isysroot /Applications/Xcode.app/Contents/Developer/Platforms/MacOSX.platform/Developer/SDKs/MacOSX10.14.sdk -Wl,-search_paths_first -Wl,-headerpad_max_install_names  -v -Wl,-v CMakeFiles/cmTC_01e2e.dir/CMakeCCompilerABI.c.o  -o cmTC_01e2e ]
  ignore line: [Apple LLVM version 10.0.1 (clang-1001.0.46.4)]
  ignore line: [Target: x86_64-apple-darwin18.5.0]
  ignore line: [Thread model: posix]
  ignore line: [InstalledDir: /Applications/Xcode.app/Contents/Developer/Toolchains/XcodeDefault.xctoolchain/usr/bin]
  link line: [ "/Applications/Xcode.app/Contents/Developer/Toolchains/XcodeDefault.xctoolchain/usr/bin/ld" -demangle -lto_library /Applications/Xcode.app/Contents/Developer/Toolchains/XcodeDefault.xctoolchain/usr/lib/libLTO.dylib -dynamic -arch x86_64 -macosx_version_min 10.14.0 -syslibroot /Applications/Xcode.app/Contents/Developer/Platforms/MacOSX.platform/Developer/SDKs/MacOSX10.14.sdk -o cmTC_01e2e -search_paths_first -headerpad_max_install_names -v CMakeFiles/cmTC_01e2e.dir/CMakeCCompilerABI.c.o -lSystem /Applications/Xcode.app/Contents/Developer/Toolchains/XcodeDefault.xctoolchain/usr/lib/clang/10.0.1/lib/darwin/libclang_rt.osx.a]
    arg [/Applications/Xcode.app/Contents/Developer/Toolchains/XcodeDefault.xctoolchain/usr/bin/ld] ==> ignore
    arg [-demangle] ==> ignore
    arg [-lto_library] ==> ignore, skip following value
    arg [/Applications/Xcode.app/Contents/Developer/Toolchains/XcodeDefault.xctoolchain/usr/lib/libLTO.dylib] ==> skip value of -lto_library
    arg [-dynamic] ==> ignore
    arg [-arch] ==> ignore
    arg [x86_64] ==> ignore
    arg [-macosx_version_min] ==> ignore
    arg [10.14.0] ==> ignore
    arg [-syslibroot] ==> ignore
    arg [/Applications/Xcode.app/Contents/Developer/Platforms/MacOSX.platform/Developer/SDKs/MacOSX10.14.sdk] ==> ignore
    arg [-o] ==> ignore
    arg [cmTC_01e2e] ==> ignore
    arg [-search_paths_first] ==> ignore
    arg [-headerpad_max_install_names] ==> ignore
    arg [-v] ==> ignore
    arg [CMakeFiles/cmTC_01e2e.dir/CMakeCCompilerABI.c.o] ==> ignore
    arg [-lSystem] ==> lib [System]
    arg [/Applications/Xcode.app/Contents/Developer/Toolchains/XcodeDefault.xctoolchain/usr/lib/clang/10.0.1/lib/darwin/libclang_rt.osx.a] ==> lib [/Applications/Xcode.app/Contents/Developer/Toolchains/XcodeDefault.xctoolchain/usr/lib/clang/10.0.1/lib/darwin/libclang_rt.osx.a]
  Library search paths: [;/Applications/Xcode.app/Contents/Developer/Platforms/MacOSX.platform/Developer/SDKs/MacOSX10.14.sdk/usr/lib]
  Framework search paths: [;/Applications/Xcode.app/Contents/Developer/Platforms/MacOSX.platform/Developer/SDKs/MacOSX10.14.sdk/System/Library/Frameworks/]
  remove lib [System]
  remove lib [/Applications/Xcode.app/Contents/Developer/Toolchains/XcodeDefault.xctoolchain/usr/lib/clang/10.0.1/lib/darwin/libclang_rt.osx.a]
  collapse library dir [/Applications/Xcode.app/Contents/Developer/Platforms/MacOSX.platform/Developer/SDKs/MacOSX10.14.sdk/usr/lib] ==> [/Applications/Xcode.app/Contents/Developer/Platforms/MacOSX.platform/Developer/SDKs/MacOSX10.14.sdk/usr/lib]
  collapse framework dir [/Applications/Xcode.app/Contents/Developer/Platforms/MacOSX.platform/Developer/SDKs/MacOSX10.14.sdk/System/Library/Frameworks/] ==> [/Applications/Xcode.app/Contents/Developer/Platforms/MacOSX.platform/Developer/SDKs/MacOSX10.14.sdk/System/Library/Frameworks]
  implicit libs: []
  implicit dirs: [/Applications/Xcode.app/Contents/Developer/Platforms/MacOSX.platform/Developer/SDKs/MacOSX10.14.sdk/usr/lib]
  implicit fwks: [/Applications/Xcode.app/Contents/Developer/Platforms/MacOSX.platform/Developer/SDKs/MacOSX10.14.sdk/System/Library/Frameworks]




Detecting C [-std=c11] compiler features compiled with the following output:
Change Dir: /Users/leehagaman/Desktop/cs184/BuoyancySimulator/CGAL-4.14/CMakeFiles/CMakeTmp

Run Build Command:"/usr/bin/make" "cmTC_02647/fast"
/Applications/Xcode.app/Contents/Developer/usr/bin/make -f CMakeFiles/cmTC_02647.dir/build.make CMakeFiles/cmTC_02647.dir/build
Building C object CMakeFiles/cmTC_02647.dir/feature_tests.c.o
/Applications/Xcode.app/Contents/Developer/Toolchains/XcodeDefault.xctoolchain/usr/bin/cc   -isysroot /Applications/Xcode.app/Contents/Developer/Platforms/MacOSX.platform/Developer/SDKs/MacOSX10.14.sdk   -std=c11 -o CMakeFiles/cmTC_02647.dir/feature_tests.c.o   -c /Users/leehagaman/Desktop/cs184/BuoyancySimulator/CGAL-4.14/CMakeFiles/feature_tests.c
Linking C executable cmTC_02647
/opt/local/bin/cmake -E cmake_link_script CMakeFiles/cmTC_02647.dir/link.txt --verbose=1
/Applications/Xcode.app/Contents/Developer/Toolchains/XcodeDefault.xctoolchain/usr/bin/cc   -isysroot /Applications/Xcode.app/Contents/Developer/Platforms/MacOSX.platform/Developer/SDKs/MacOSX10.14.sdk -Wl,-search_paths_first -Wl,-headerpad_max_install_names   CMakeFiles/cmTC_02647.dir/feature_tests.c.o  -o cmTC_02647 


    Feature record: C_FEATURE:1c_function_prototypes
    Feature record: C_FEATURE:1c_restrict
    Feature record: C_FEATURE:1c_static_assert
    Feature record: C_FEATURE:1c_variadic_macros


Detecting C [-std=c99] compiler features compiled with the following output:
Change Dir: /Users/leehagaman/Desktop/cs184/BuoyancySimulator/CGAL-4.14/CMakeFiles/CMakeTmp

Run Build Command:"/usr/bin/make" "cmTC_f9689/fast"
/Applications/Xcode.app/Contents/Developer/usr/bin/make -f CMakeFiles/cmTC_f9689.dir/build.make CMakeFiles/cmTC_f9689.dir/build
Building C object CMakeFiles/cmTC_f9689.dir/feature_tests.c.o
/Applications/Xcode.app/Contents/Developer/Toolchains/XcodeDefault.xctoolchain/usr/bin/cc   -isysroot /Applications/Xcode.app/Contents/Developer/Platforms/MacOSX.platform/Developer/SDKs/MacOSX10.14.sdk   -std=c99 -o CMakeFiles/cmTC_f9689.dir/feature_tests.c.o   -c /Users/leehagaman/Desktop/cs184/BuoyancySimulator/CGAL-4.14/CMakeFiles/feature_tests.c
Linking C executable cmTC_f9689
/opt/local/bin/cmake -E cmake_link_script CMakeFiles/cmTC_f9689.dir/link.txt --verbose=1
/Applications/Xcode.app/Contents/Developer/Toolchains/XcodeDefault.xctoolchain/usr/bin/cc   -isysroot /Applications/Xcode.app/Contents/Developer/Platforms/MacOSX.platform/Developer/SDKs/MacOSX10.14.sdk -Wl,-search_paths_first -Wl,-headerpad_max_install_names   CMakeFiles/cmTC_f9689.dir/feature_tests.c.o  -o cmTC_f9689 


    Feature record: C_FEATURE:1c_function_prototypes
    Feature record: C_FEATURE:1c_restrict
    Feature record: C_FEATURE:0c_static_assert
    Feature record: C_FEATURE:1c_variadic_macros


Detecting C [-std=c90] compiler features compiled with the following output:
Change Dir: /Users/leehagaman/Desktop/cs184/BuoyancySimulator/CGAL-4.14/CMakeFiles/CMakeTmp

Run Build Command:"/usr/bin/make" "cmTC_381d6/fast"
/Applications/Xcode.app/Contents/Developer/usr/bin/make -f CMakeFiles/cmTC_381d6.dir/build.make CMakeFiles/cmTC_381d6.dir/build
Building C object CMakeFiles/cmTC_381d6.dir/feature_tests.c.o
/Applications/Xcode.app/Contents/Developer/Toolchains/XcodeDefault.xctoolchain/usr/bin/cc   -isysroot /Applications/Xcode.app/Contents/Developer/Platforms/MacOSX.platform/Developer/SDKs/MacOSX10.14.sdk   -std=c90 -o CMakeFiles/cmTC_381d6.dir/feature_tests.c.o   -c /Users/leehagaman/Desktop/cs184/BuoyancySimulator/CGAL-4.14/CMakeFiles/feature_tests.c
Linking C executable cmTC_381d6
/opt/local/bin/cmake -E cmake_link_script CMakeFiles/cmTC_381d6.dir/link.txt --verbose=1
/Applications/Xcode.app/Contents/Developer/Toolchains/XcodeDefault.xctoolchain/usr/bin/cc   -isysroot /Applications/Xcode.app/Contents/Developer/Platforms/MacOSX.platform/Developer/SDKs/MacOSX10.14.sdk -Wl,-search_paths_first -Wl,-headerpad_max_install_names   CMakeFiles/cmTC_381d6.dir/feature_tests.c.o  -o cmTC_381d6 


    Feature record: C_FEATURE:1c_function_prototypes
    Feature record: C_FEATURE:0c_restrict
    Feature record: C_FEATURE:0c_static_assert
    Feature record: C_FEATURE:0c_variadic_macros
Determining if the include file pthread.h exists passed with the following output:
Change Dir: /Users/leehagaman/Desktop/cs184/BuoyancySimulator/CGAL-4.14/CMakeFiles/CMakeTmp

Run Build Command:"/usr/bin/make" "cmTC_476c1/fast"
/Applications/Xcode.app/Contents/Developer/usr/bin/make -f CMakeFiles/cmTC_476c1.dir/build.make CMakeFiles/cmTC_476c1.dir/build
Building C object CMakeFiles/cmTC_476c1.dir/CheckIncludeFile.c.o
/Applications/Xcode.app/Contents/Developer/Toolchains/XcodeDefault.xctoolchain/usr/bin/cc   -isysroot /Applications/Xcode.app/Contents/Developer/Platforms/MacOSX.platform/Developer/SDKs/MacOSX10.14.sdk   -o CMakeFiles/cmTC_476c1.dir/CheckIncludeFile.c.o   -c /Users/leehagaman/Desktop/cs184/BuoyancySimulator/CGAL-4.14/CMakeFiles/CMakeTmp/CheckIncludeFile.c
Linking C executable cmTC_476c1
/opt/local/bin/cmake -E cmake_link_script CMakeFiles/cmTC_476c1.dir/link.txt --verbose=1
/Applications/Xcode.app/Contents/Developer/Toolchains/XcodeDefault.xctoolchain/usr/bin/cc   -isysroot /Applications/Xcode.app/Contents/Developer/Platforms/MacOSX.platform/Developer/SDKs/MacOSX10.14.sdk -Wl,-search_paths_first -Wl,-headerpad_max_install_names   CMakeFiles/cmTC_476c1.dir/CheckIncludeFile.c.o  -o cmTC_476c1 


Determining if the pthread_create exist passed with the following output:
Change Dir: /Users/leehagaman/Desktop/cs184/BuoyancySimulator/CGAL-4.14/CMakeFiles/CMakeTmp

Run Build Command:"/usr/bin/make" "cmTC_b3034/fast"
/Applications/Xcode.app/Contents/Developer/usr/bin/make -f CMakeFiles/cmTC_b3034.dir/build.make CMakeFiles/cmTC_b3034.dir/build
Building C object CMakeFiles/cmTC_b3034.dir/CheckSymbolExists.c.o
/Applications/Xcode.app/Contents/Developer/Toolchains/XcodeDefault.xctoolchain/usr/bin/cc   -isysroot /Applications/Xcode.app/Contents/Developer/Platforms/MacOSX.platform/Developer/SDKs/MacOSX10.14.sdk   -o CMakeFiles/cmTC_b3034.dir/CheckSymbolExists.c.o   -c /Users/leehagaman/Desktop/cs184/BuoyancySimulator/CGAL-4.14/CMakeFiles/CMakeTmp/CheckSymbolExists.c
Linking C executable cmTC_b3034
/opt/local/bin/cmake -E cmake_link_script CMakeFiles/cmTC_b3034.dir/link.txt --verbose=1
/Applications/Xcode.app/Contents/Developer/Toolchains/XcodeDefault.xctoolchain/usr/bin/cc   -isysroot /Applications/Xcode.app/Contents/Developer/Platforms/MacOSX.platform/Developer/SDKs/MacOSX10.14.sdk -Wl,-search_paths_first -Wl,-headerpad_max_install_names   CMakeFiles/cmTC_b3034.dir/CheckSymbolExists.c.o  -o cmTC_b3034 

File /Users/leehagaman/Desktop/cs184/BuoyancySimulator/CGAL-4.14/CMakeFiles/CMakeTmp/CheckSymbolExists.c:
/* */
#include <pthread.h>

int main(int argc, char** argv)
{
  (void)argv;
#ifndef pthread_create
  return ((int*)(&pthread_create))[argc];
#else
  (void)argc;
  return 0;
#endif
}

Performing C++ SOURCE FILE Test CGAL_CFG_DENORMALS_COMPILE_BUG succeded with the following output:
Change Dir: /Users/leehagaman/Desktop/cs184/BuoyancySimulator/CGAL-4.14/CMakeFiles/CMakeTmp

Run Build Command:"/usr/bin/make" "cmTC_064b0/fast"
/Applications/Xcode.app/Contents/Developer/usr/bin/make -f CMakeFiles/cmTC_064b0.dir/build.make CMakeFiles/cmTC_064b0.dir/build
Building CXX object CMakeFiles/cmTC_064b0.dir/CGAL_CFG_DENORMALS_COMPILE_BUG.cpp.o
/Applications/Xcode.app/Contents/Developer/Toolchains/XcodeDefault.xctoolchain/usr/bin/c++    -isysroot /Applications/Xcode.app/Contents/Developer/Platforms/MacOSX.platform/Developer/SDKs/MacOSX10.14.sdk   -o CMakeFiles/cmTC_064b0.dir/CGAL_CFG_DENORMALS_COMPILE_BUG.cpp.o -c /Users/leehagaman/Desktop/cs184/BuoyancySimulator/CGAL-4.14/cmake/modules/config/testfiles/CGAL_CFG_DENORMALS_COMPILE_BUG.cpp
Linking CXX executable cmTC_064b0
/opt/local/bin/cmake -E cmake_link_script CMakeFiles/cmTC_064b0.dir/link.txt --verbose=1
/Applications/Xcode.app/Contents/Developer/Toolchains/XcodeDefault.xctoolchain/usr/bin/c++    -isysroot /Applications/Xcode.app/Contents/Developer/Platforms/MacOSX.platform/Developer/SDKs/MacOSX10.14.sdk -Wl,-search_paths_first -Wl,-headerpad_max_install_names   CMakeFiles/cmTC_064b0.dir/CGAL_CFG_DENORMALS_COMPILE_BUG.cpp.o  -o cmTC_064b0 

Source file was:

Performing C++ SOURCE FILE Test CGAL_CFG_FPU_ROUNDING_MODE_UNWINDING_VC_BUG succeded with the following output:
Change Dir: /Users/leehagaman/Desktop/cs184/BuoyancySimulator/CGAL-4.14/CMakeFiles/CMakeTmp

Run Build Command:"/usr/bin/make" "cmTC_3ae6f/fast"
/Applications/Xcode.app/Contents/Developer/usr/bin/make -f CMakeFiles/cmTC_3ae6f.dir/build.make CMakeFiles/cmTC_3ae6f.dir/build
Building CXX object CMakeFiles/cmTC_3ae6f.dir/CGAL_CFG_FPU_ROUNDING_MODE_UNWINDING_VC_BUG.cpp.o
/Applications/Xcode.app/Contents/Developer/Toolchains/XcodeDefault.xctoolchain/usr/bin/c++    -isysroot /Applications/Xcode.app/Contents/Developer/Platforms/MacOSX.platform/Developer/SDKs/MacOSX10.14.sdk   -o CMakeFiles/cmTC_3ae6f.dir/CGAL_CFG_FPU_ROUNDING_MODE_UNWINDING_VC_BUG.cpp.o -c /Users/leehagaman/Desktop/cs184/BuoyancySimulator/CGAL-4.14/cmake/modules/config/testfiles/CGAL_CFG_FPU_ROUNDING_MODE_UNWINDING_VC_BUG.cpp
Linking CXX executable cmTC_3ae6f
/opt/local/bin/cmake -E cmake_link_script CMakeFiles/cmTC_3ae6f.dir/link.txt --verbose=1
/Applications/Xcode.app/Contents/Developer/Toolchains/XcodeDefault.xctoolchain/usr/bin/c++    -isysroot /Applications/Xcode.app/Contents/Developer/Platforms/MacOSX.platform/Developer/SDKs/MacOSX10.14.sdk -Wl,-search_paths_first -Wl,-headerpad_max_install_names   CMakeFiles/cmTC_3ae6f.dir/CGAL_CFG_FPU_ROUNDING_MODE_UNWINDING_VC_BUG.cpp.o  -o cmTC_3ae6f 

Source file was:

Performing C++ SOURCE FILE Test CGAL_CFG_IEEE_754_BUG succeded with the following output:
Change Dir: /Users/leehagaman/Desktop/cs184/BuoyancySimulator/CGAL-4.14/CMakeFiles/CMakeTmp

Run Build Command:"/usr/bin/make" "cmTC_2c73a/fast"
/Applications/Xcode.app/Contents/Developer/usr/bin/make -f CMakeFiles/cmTC_2c73a.dir/build.make CMakeFiles/cmTC_2c73a.dir/build
Building CXX object CMakeFiles/cmTC_2c73a.dir/CGAL_CFG_IEEE_754_BUG.cpp.o
/Applications/Xcode.app/Contents/Developer/Toolchains/XcodeDefault.xctoolchain/usr/bin/c++    -isysroot /Applications/Xcode.app/Contents/Developer/Platforms/MacOSX.platform/Developer/SDKs/MacOSX10.14.sdk   -o CMakeFiles/cmTC_2c73a.dir/CGAL_CFG_IEEE_754_BUG.cpp.o -c /Users/leehagaman/Desktop/cs184/BuoyancySimulator/CGAL-4.14/cmake/modules/config/testfiles/CGAL_CFG_IEEE_754_BUG.cpp
Linking CXX executable cmTC_2c73a
/opt/local/bin/cmake -E cmake_link_script CMakeFiles/cmTC_2c73a.dir/link.txt --verbose=1
/Applications/Xcode.app/Contents/Developer/Toolchains/XcodeDefault.xctoolchain/usr/bin/c++    -isysroot /Applications/Xcode.app/Contents/Developer/Platforms/MacOSX.platform/Developer/SDKs/MacOSX10.14.sdk -Wl,-search_paths_first -Wl,-headerpad_max_install_names   CMakeFiles/cmTC_2c73a.dir/CGAL_CFG_IEEE_754_BUG.cpp.o  -o cmTC_2c73a 

Source file was:

Performing C++ SOURCE FILE Test CGAL_CFG_ISTREAM_INT_BUG succeded with the following output:
Change Dir: /Users/leehagaman/Desktop/cs184/BuoyancySimulator/CGAL-4.14/CMakeFiles/CMakeTmp

Run Build Command:"/usr/bin/make" "cmTC_84be6/fast"
/Applications/Xcode.app/Contents/Developer/usr/bin/make -f CMakeFiles/cmTC_84be6.dir/build.make CMakeFiles/cmTC_84be6.dir/build
Building CXX object CMakeFiles/cmTC_84be6.dir/CGAL_CFG_ISTREAM_INT_BUG.cpp.o
/Applications/Xcode.app/Contents/Developer/Toolchains/XcodeDefault.xctoolchain/usr/bin/c++    -isysroot /Applications/Xcode.app/Contents/Developer/Platforms/MacOSX.platform/Developer/SDKs/MacOSX10.14.sdk   -o CMakeFiles/cmTC_84be6.dir/CGAL_CFG_ISTREAM_INT_BUG.cpp.o -c /Users/leehagaman/Desktop/cs184/BuoyancySimulator/CGAL-4.14/cmake/modules/config/testfiles/CGAL_CFG_ISTREAM_INT_BUG.cpp
Linking CXX executable cmTC_84be6
/opt/local/bin/cmake -E cmake_link_script CMakeFiles/cmTC_84be6.dir/link.txt --verbose=1
/Applications/Xcode.app/Contents/Developer/Toolchains/XcodeDefault.xctoolchain/usr/bin/c++    -isysroot /Applications/Xcode.app/Contents/Developer/Platforms/MacOSX.platform/Developer/SDKs/MacOSX10.14.sdk -Wl,-search_paths_first -Wl,-headerpad_max_install_names   CMakeFiles/cmTC_84be6.dir/CGAL_CFG_ISTREAM_INT_BUG.cpp.o  -o cmTC_84be6 
7812

Source file was:

Performing C++ SOURCE FILE Test CGAL_CFG_MATCHING_BUG_5 succeded with the following output:
Change Dir: /Users/leehagaman/Desktop/cs184/BuoyancySimulator/CGAL-4.14/CMakeFiles/CMakeTmp

Run Build Command:"/usr/bin/make" "cmTC_7f085/fast"
/Applications/Xcode.app/Contents/Developer/usr/bin/make -f CMakeFiles/cmTC_7f085.dir/build.make CMakeFiles/cmTC_7f085.dir/build
Building CXX object CMakeFiles/cmTC_7f085.dir/CGAL_CFG_MATCHING_BUG_5.cpp.o
/Applications/Xcode.app/Contents/Developer/Toolchains/XcodeDefault.xctoolchain/usr/bin/c++    -isysroot /Applications/Xcode.app/Contents/Developer/Platforms/MacOSX.platform/Developer/SDKs/MacOSX10.14.sdk   -o CMakeFiles/cmTC_7f085.dir/CGAL_CFG_MATCHING_BUG_5.cpp.o -c /Users/leehagaman/Desktop/cs184/BuoyancySimulator/CGAL-4.14/cmake/modules/config/testfiles/CGAL_CFG_MATCHING_BUG_5.cpp
Linking CXX executable cmTC_7f085
/opt/local/bin/cmake -E cmake_link_script CMakeFiles/cmTC_7f085.dir/link.txt --verbose=1
/Applications/Xcode.app/Contents/Developer/Toolchains/XcodeDefault.xctoolchain/usr/bin/c++    -isysroot /Applications/Xcode.app/Contents/Developer/Platforms/MacOSX.platform/Developer/SDKs/MacOSX10.14.sdk -Wl,-search_paths_first -Wl,-headerpad_max_install_names   CMakeFiles/cmTC_7f085.dir/CGAL_CFG_MATCHING_BUG_5.cpp.o  -o cmTC_7f085 

Source file was:

Performing C++ SOURCE FILE Test CGAL_CFG_MATCHING_BUG_6 succeded with the following output:
Change Dir: /Users/leehagaman/Desktop/cs184/BuoyancySimulator/CGAL-4.14/CMakeFiles/CMakeTmp

Run Build Command:"/usr/bin/make" "cmTC_aae51/fast"
/Applications/Xcode.app/Contents/Developer/usr/bin/make -f CMakeFiles/cmTC_aae51.dir/build.make CMakeFiles/cmTC_aae51.dir/build
Building CXX object CMakeFiles/cmTC_aae51.dir/CGAL_CFG_MATCHING_BUG_6.cpp.o
/Applications/Xcode.app/Contents/Developer/Toolchains/XcodeDefault.xctoolchain/usr/bin/c++    -isysroot /Applications/Xcode.app/Contents/Developer/Platforms/MacOSX.platform/Developer/SDKs/MacOSX10.14.sdk   -o CMakeFiles/cmTC_aae51.dir/CGAL_CFG_MATCHING_BUG_6.cpp.o -c /Users/leehagaman/Desktop/cs184/BuoyancySimulator/CGAL-4.14/cmake/modules/config/testfiles/CGAL_CFG_MATCHING_BUG_6.cpp
Linking CXX executable cmTC_aae51
/opt/local/bin/cmake -E cmake_link_script CMakeFiles/cmTC_aae51.dir/link.txt --verbose=1
/Applications/Xcode.app/Contents/Developer/Toolchains/XcodeDefault.xctoolchain/usr/bin/c++    -isysroot /Applications/Xcode.app/Contents/Developer/Platforms/MacOSX.platform/Developer/SDKs/MacOSX10.14.sdk -Wl,-search_paths_first -Wl,-headerpad_max_install_names   CMakeFiles/cmTC_aae51.dir/CGAL_CFG_MATCHING_BUG_6.cpp.o  -o cmTC_aae51 

Source file was:

Performing C++ SOURCE FILE Test CGAL_CFG_MATCHING_BUG_7 succeded with the following output:
Change Dir: /Users/leehagaman/Desktop/cs184/BuoyancySimulator/CGAL-4.14/CMakeFiles/CMakeTmp

Run Build Command:"/usr/bin/make" "cmTC_e619d/fast"
/Applications/Xcode.app/Contents/Developer/usr/bin/make -f CMakeFiles/cmTC_e619d.dir/build.make CMakeFiles/cmTC_e619d.dir/build
Building CXX object CMakeFiles/cmTC_e619d.dir/CGAL_CFG_MATCHING_BUG_7.cpp.o
/Applications/Xcode.app/Contents/Developer/Toolchains/XcodeDefault.xctoolchain/usr/bin/c++    -isysroot /Applications/Xcode.app/Contents/Developer/Platforms/MacOSX.platform/Developer/SDKs/MacOSX10.14.sdk   -o CMakeFiles/cmTC_e619d.dir/CGAL_CFG_MATCHING_BUG_7.cpp.o -c /Users/leehagaman/Desktop/cs184/BuoyancySimulator/CGAL-4.14/cmake/modules/config/testfiles/CGAL_CFG_MATCHING_BUG_7.cpp
Linking CXX executable cmTC_e619d
/opt/local/bin/cmake -E cmake_link_script CMakeFiles/cmTC_e619d.dir/link.txt --verbose=1
/Applications/Xcode.app/Contents/Developer/Toolchains/XcodeDefault.xctoolchain/usr/bin/c++    -isysroot /Applications/Xcode.app/Contents/Developer/Platforms/MacOSX.platform/Developer/SDKs/MacOSX10.14.sdk -Wl,-search_paths_first -Wl,-headerpad_max_install_names   CMakeFiles/cmTC_e619d.dir/CGAL_CFG_MATCHING_BUG_7.cpp.o  -o cmTC_e619d 

Source file was:

Performing C++ SOURCE FILE Test CGAL_CFG_MATCHING_BUG_8 succeded with the following output:
Change Dir: /Users/leehagaman/Desktop/cs184/BuoyancySimulator/CGAL-4.14/CMakeFiles/CMakeTmp

Run Build Command:"/usr/bin/make" "cmTC_069fe/fast"
/Applications/Xcode.app/Contents/Developer/usr/bin/make -f CMakeFiles/cmTC_069fe.dir/build.make CMakeFiles/cmTC_069fe.dir/build
Building CXX object CMakeFiles/cmTC_069fe.dir/CGAL_CFG_MATCHING_BUG_8.cpp.o
/Applications/Xcode.app/Contents/Developer/Toolchains/XcodeDefault.xctoolchain/usr/bin/c++    -isysroot /Applications/Xcode.app/Contents/Developer/Platforms/MacOSX.platform/Developer/SDKs/MacOSX10.14.sdk   -o CMakeFiles/cmTC_069fe.dir/CGAL_CFG_MATCHING_BUG_8.cpp.o -c /Users/leehagaman/Desktop/cs184/BuoyancySimulator/CGAL-4.14/cmake/modules/config/testfiles/CGAL_CFG_MATCHING_BUG_8.cpp
Linking CXX executable cmTC_069fe
/opt/local/bin/cmake -E cmake_link_script CMakeFiles/cmTC_069fe.dir/link.txt --verbose=1
/Applications/Xcode.app/Contents/Developer/Toolchains/XcodeDefault.xctoolchain/usr/bin/c++    -isysroot /Applications/Xcode.app/Contents/Developer/Platforms/MacOSX.platform/Developer/SDKs/MacOSX10.14.sdk -Wl,-search_paths_first -Wl,-headerpad_max_install_names   CMakeFiles/cmTC_069fe.dir/CGAL_CFG_MATCHING_BUG_8.cpp.o  -o cmTC_069fe 

Source file was:

Performing C++ SOURCE FILE Test CGAL_CFG_NO_LIMITS succeded with the following output:
Change Dir: /Users/leehagaman/Desktop/cs184/BuoyancySimulator/CGAL-4.14/CMakeFiles/CMakeTmp

Run Build Command:"/usr/bin/make" "cmTC_62a19/fast"
/Applications/Xcode.app/Contents/Developer/usr/bin/make -f CMakeFiles/cmTC_62a19.dir/build.make CMakeFiles/cmTC_62a19.dir/build
Building CXX object CMakeFiles/cmTC_62a19.dir/CGAL_CFG_NO_LIMITS.cpp.o
/Applications/Xcode.app/Contents/Developer/Toolchains/XcodeDefault.xctoolchain/usr/bin/c++    -isysroot /Applications/Xcode.app/Contents/Developer/Platforms/MacOSX.platform/Developer/SDKs/MacOSX10.14.sdk   -o CMakeFiles/cmTC_62a19.dir/CGAL_CFG_NO_LIMITS.cpp.o -c /Users/leehagaman/Desktop/cs184/BuoyancySimulator/CGAL-4.14/cmake/modules/config/testfiles/CGAL_CFG_NO_LIMITS.cpp
Linking CXX executable cmTC_62a19
/opt/local/bin/cmake -E cmake_link_script CMakeFiles/cmTC_62a19.dir/link.txt --verbose=1
/Applications/Xcode.app/Contents/Developer/Toolchains/XcodeDefault.xctoolchain/usr/bin/c++    -isysroot /Applications/Xcode.app/Contents/Developer/Platforms/MacOSX.platform/Developer/SDKs/MacOSX10.14.sdk -Wl,-search_paths_first -Wl,-headerpad_max_install_names   CMakeFiles/cmTC_62a19.dir/CGAL_CFG_NO_LIMITS.cpp.o  -o cmTC_62a19 

Source file was:

Performing C++ SOURCE FILE Test CGAL_CFG_NO_NEXTAFTER succeded with the following output:
Change Dir: /Users/leehagaman/Desktop/cs184/BuoyancySimulator/CGAL-4.14/CMakeFiles/CMakeTmp

Run Build Command:"/usr/bin/make" "cmTC_09bf2/fast"
/Applications/Xcode.app/Contents/Developer/usr/bin/make -f CMakeFiles/cmTC_09bf2.dir/build.make CMakeFiles/cmTC_09bf2.dir/build
Building CXX object CMakeFiles/cmTC_09bf2.dir/CGAL_CFG_NO_NEXTAFTER.cpp.o
/Applications/Xcode.app/Contents/Developer/Toolchains/XcodeDefault.xctoolchain/usr/bin/c++    -isysroot /Applications/Xcode.app/Contents/Developer/Platforms/MacOSX.platform/Developer/SDKs/MacOSX10.14.sdk   -o CMakeFiles/cmTC_09bf2.dir/CGAL_CFG_NO_NEXTAFTER.cpp.o -c /Users/leehagaman/Desktop/cs184/BuoyancySimulator/CGAL-4.14/cmake/modules/config/testfiles/CGAL_CFG_NO_NEXTAFTER.cpp
Linking CXX executable cmTC_09bf2
/opt/local/bin/cmake -E cmake_link_script CMakeFiles/cmTC_09bf2.dir/link.txt --verbose=1
/Applications/Xcode.app/Contents/Developer/Toolchains/XcodeDefault.xctoolchain/usr/bin/c++    -isysroot /Applications/Xcode.app/Contents/Developer/Platforms/MacOSX.platform/Developer/SDKs/MacOSX10.14.sdk -Wl,-search_paths_first -Wl,-headerpad_max_install_names   CMakeFiles/cmTC_09bf2.dir/CGAL_CFG_NO_NEXTAFTER.cpp.o  -o cmTC_09bf2 

Source file was:

Performing C++ SOURCE FILE Test CGAL_CFG_NO_STL succeded with the following output:
Change Dir: /Users/leehagaman/Desktop/cs184/BuoyancySimulator/CGAL-4.14/CMakeFiles/CMakeTmp

Run Build Command:"/usr/bin/make" "cmTC_804de/fast"
/Applications/Xcode.app/Contents/Developer/usr/bin/make -f CMakeFiles/cmTC_804de.dir/build.make CMakeFiles/cmTC_804de.dir/build
Building CXX object CMakeFiles/cmTC_804de.dir/CGAL_CFG_NO_STL.cpp.o
/Applications/Xcode.app/Contents/Developer/Toolchains/XcodeDefault.xctoolchain/usr/bin/c++    -isysroot /Applications/Xcode.app/Contents/Developer/Platforms/MacOSX.platform/Developer/SDKs/MacOSX10.14.sdk   -o CMakeFiles/cmTC_804de.dir/CGAL_CFG_NO_STL.cpp.o -c /Users/leehagaman/Desktop/cs184/BuoyancySimulator/CGAL-4.14/cmake/modules/config/testfiles/CGAL_CFG_NO_STL.cpp
Linking CXX executable cmTC_804de
/opt/local/bin/cmake -E cmake_link_script CMakeFiles/cmTC_804de.dir/link.txt --verbose=1
/Applications/Xcode.app/Contents/Developer/Toolchains/XcodeDefault.xctoolchain/usr/bin/c++    -isysroot /Applications/Xcode.app/Contents/Developer/Platforms/MacOSX.platform/Developer/SDKs/MacOSX10.14.sdk -Wl,-search_paths_first -Wl,-headerpad_max_install_names   CMakeFiles/cmTC_804de.dir/CGAL_CFG_NO_STL.cpp.o  -o cmTC_804de 

Source file was:

Performing C++ SOURCE FILE Test CGAL_CFG_NUMERIC_LIMITS_BUG succeded with the following output:
Change Dir: /Users/leehagaman/Desktop/cs184/BuoyancySimulator/CGAL-4.14/CMakeFiles/CMakeTmp

Run Build Command:"/usr/bin/make" "cmTC_c897a/fast"
/Applications/Xcode.app/Contents/Developer/usr/bin/make -f CMakeFiles/cmTC_c897a.dir/build.make CMakeFiles/cmTC_c897a.dir/build
Building CXX object CMakeFiles/cmTC_c897a.dir/CGAL_CFG_NUMERIC_LIMITS_BUG.cpp.o
/Applications/Xcode.app/Contents/Developer/Toolchains/XcodeDefault.xctoolchain/usr/bin/c++    -isysroot /Applications/Xcode.app/Contents/Developer/Platforms/MacOSX.platform/Developer/SDKs/MacOSX10.14.sdk   -o CMakeFiles/cmTC_c897a.dir/CGAL_CFG_NUMERIC_LIMITS_BUG.cpp.o -c /Users/leehagaman/Desktop/cs184/BuoyancySimulator/CGAL-4.14/cmake/modules/config/testfiles/CGAL_CFG_NUMERIC_LIMITS_BUG.cpp
Linking CXX executable cmTC_c897a
/opt/local/bin/cmake -E cmake_link_script CMakeFiles/cmTC_c897a.dir/link.txt --verbose=1
/Applications/Xcode.app/Contents/Developer/Toolchains/XcodeDefault.xctoolchain/usr/bin/c++    -isysroot /Applications/Xcode.app/Contents/Developer/Platforms/MacOSX.platform/Developer/SDKs/MacOSX10.14.sdk -Wl,-search_paths_first -Wl,-headerpad_max_install_names   CMakeFiles/cmTC_c897a.dir/CGAL_CFG_NUMERIC_LIMITS_BUG.cpp.o  -o cmTC_c897a 

Source file was:

Performing C++ SOURCE FILE Test CGAL_CFG_OUTOFLINE_MEMBER_DEFINITION_BUG succeded with the following output:
Change Dir: /Users/leehagaman/Desktop/cs184/BuoyancySimulator/CGAL-4.14/CMakeFiles/CMakeTmp

Run Build Command:"/usr/bin/make" "cmTC_8e7c7/fast"
/Applications/Xcode.app/Contents/Developer/usr/bin/make -f CMakeFiles/cmTC_8e7c7.dir/build.make CMakeFiles/cmTC_8e7c7.dir/build
Building CXX object CMakeFiles/cmTC_8e7c7.dir/CGAL_CFG_OUTOFLINE_MEMBER_DEFINITION_BUG.cpp.o
/Applications/Xcode.app/Contents/Developer/Toolchains/XcodeDefault.xctoolchain/usr/bin/c++    -isysroot /Applications/Xcode.app/Contents/Developer/Platforms/MacOSX.platform/Developer/SDKs/MacOSX10.14.sdk   -o CMakeFiles/cmTC_8e7c7.dir/CGAL_CFG_OUTOFLINE_MEMBER_DEFINITION_BUG.cpp.o -c /Users/leehagaman/Desktop/cs184/BuoyancySimulator/CGAL-4.14/cmake/modules/config/testfiles/CGAL_CFG_OUTOFLINE_MEMBER_DEFINITION_BUG.cpp
Linking CXX executable cmTC_8e7c7
/opt/local/bin/cmake -E cmake_link_script CMakeFiles/cmTC_8e7c7.dir/link.txt --verbose=1
/Applications/Xcode.app/Contents/Developer/Toolchains/XcodeDefault.xctoolchain/usr/bin/c++    -isysroot /Applications/Xcode.app/Contents/Developer/Platforms/MacOSX.platform/Developer/SDKs/MacOSX10.14.sdk -Wl,-search_paths_first -Wl,-headerpad_max_install_names   CMakeFiles/cmTC_8e7c7.dir/CGAL_CFG_OUTOFLINE_MEMBER_DEFINITION_BUG.cpp.o  -o cmTC_8e7c7 

Source file was:

Performing C++ SOURCE FILE Test CGAL_CFG_TEMPLATE_IN_DEFAULT_PARAMETER_BUG succeded with the following output:
Change Dir: /Users/leehagaman/Desktop/cs184/BuoyancySimulator/CGAL-4.14/CMakeFiles/CMakeTmp

Run Build Command:"/usr/bin/make" "cmTC_b50ab/fast"
/Applications/Xcode.app/Contents/Developer/usr/bin/make -f CMakeFiles/cmTC_b50ab.dir/build.make CMakeFiles/cmTC_b50ab.dir/build
Building CXX object CMakeFiles/cmTC_b50ab.dir/CGAL_CFG_TEMPLATE_IN_DEFAULT_PARAMETER_BUG.cpp.o
/Applications/Xcode.app/Contents/Developer/Toolchains/XcodeDefault.xctoolchain/usr/bin/c++    -isysroot /Applications/Xcode.app/Contents/Developer/Platforms/MacOSX.platform/Developer/SDKs/MacOSX10.14.sdk   -o CMakeFiles/cmTC_b50ab.dir/CGAL_CFG_TEMPLATE_IN_DEFAULT_PARAMETER_BUG.cpp.o -c /Users/leehagaman/Desktop/cs184/BuoyancySimulator/CGAL-4.14/cmake/modules/config/testfiles/CGAL_CFG_TEMPLATE_IN_DEFAULT_PARAMETER_BUG.cpp
Linking CXX executable cmTC_b50ab
/opt/local/bin/cmake -E cmake_link_script CMakeFiles/cmTC_b50ab.dir/link.txt --verbose=1
/Applications/Xcode.app/Contents/Developer/Toolchains/XcodeDefault.xctoolchain/usr/bin/c++    -isysroot /Applications/Xcode.app/Contents/Developer/Platforms/MacOSX.platform/Developer/SDKs/MacOSX10.14.sdk -Wl,-search_paths_first -Wl,-headerpad_max_install_names   CMakeFiles/cmTC_b50ab.dir/CGAL_CFG_TEMPLATE_IN_DEFAULT_PARAMETER_BUG.cpp.o  -o cmTC_b50ab 

Source file was:

Performing C++ SOURCE FILE Test CGAL_CFG_TYPENAME_BEFORE_DEFAULT_ARGUMENT_BUG succeded with the following output:
Change Dir: /Users/leehagaman/Desktop/cs184/BuoyancySimulator/CGAL-4.14/CMakeFiles/CMakeTmp

Run Build Command:"/usr/bin/make" "cmTC_f9f34/fast"
/Applications/Xcode.app/Contents/Developer/usr/bin/make -f CMakeFiles/cmTC_f9f34.dir/build.make CMakeFiles/cmTC_f9f34.dir/build
Building CXX object CMakeFiles/cmTC_f9f34.dir/CGAL_CFG_TYPENAME_BEFORE_DEFAULT_ARGUMENT_BUG.cpp.o
/Applications/Xcode.app/Contents/Developer/Toolchains/XcodeDefault.xctoolchain/usr/bin/c++    -isysroot /Applications/Xcode.app/Contents/Developer/Platforms/MacOSX.platform/Developer/SDKs/MacOSX10.14.sdk   -o CMakeFiles/cmTC_f9f34.dir/CGAL_CFG_TYPENAME_BEFORE_DEFAULT_ARGUMENT_BUG.cpp.o -c /Users/leehagaman/Desktop/cs184/BuoyancySimulator/CGAL-4.14/cmake/modules/config/testfiles/CGAL_CFG_TYPENAME_BEFORE_DEFAULT_ARGUMENT_BUG.cpp
Linking CXX executable cmTC_f9f34
/opt/local/bin/cmake -E cmake_link_script CMakeFiles/cmTC_f9f34.dir/link.txt --verbose=1
/Applications/Xcode.app/Contents/Developer/Toolchains/XcodeDefault.xctoolchain/usr/bin/c++    -isysroot /Applications/Xcode.app/Contents/Developer/Platforms/MacOSX.platform/Developer/SDKs/MacOSX10.14.sdk -Wl,-search_paths_first -Wl,-headerpad_max_install_names   CMakeFiles/cmTC_f9f34.dir/CGAL_CFG_TYPENAME_BEFORE_DEFAULT_ARGUMENT_BUG.cpp.o  -o cmTC_f9f34 

Source file was:

Performing C++ SOURCE FILE Test CGAL_CFG_USING_BASE_MEMBER_BUG_2 succeded with the following output:
Change Dir: /Users/leehagaman/Desktop/cs184/BuoyancySimulator/CGAL-4.14/CMakeFiles/CMakeTmp

Run Build Command:"/usr/bin/make" "cmTC_d99f7/fast"
/Applications/Xcode.app/Contents/Developer/usr/bin/make -f CMakeFiles/cmTC_d99f7.dir/build.make CMakeFiles/cmTC_d99f7.dir/build
Building CXX object CMakeFiles/cmTC_d99f7.dir/CGAL_CFG_USING_BASE_MEMBER_BUG_2.cpp.o
/Applications/Xcode.app/Contents/Developer/Toolchains/XcodeDefault.xctoolchain/usr/bin/c++    -isysroot /Applications/Xcode.app/Contents/Developer/Platforms/MacOSX.platform/Developer/SDKs/MacOSX10.14.sdk   -o CMakeFiles/cmTC_d99f7.dir/CGAL_CFG_USING_BASE_MEMBER_BUG_2.cpp.o -c /Users/leehagaman/Desktop/cs184/BuoyancySimulator/CGAL-4.14/cmake/modules/config/testfiles/CGAL_CFG_USING_BASE_MEMBER_BUG_2.cpp
Linking CXX executable cmTC_d99f7
/opt/local/bin/cmake -E cmake_link_script CMakeFiles/cmTC_d99f7.dir/link.txt --verbose=1
/Applications/Xcode.app/Contents/Developer/Toolchains/XcodeDefault.xctoolchain/usr/bin/c++    -isysroot /Applications/Xcode.app/Contents/Developer/Platforms/MacOSX.platform/Developer/SDKs/MacOSX10.14.sdk -Wl,-search_paths_first -Wl,-headerpad_max_install_names   CMakeFiles/cmTC_d99f7.dir/CGAL_CFG_USING_BASE_MEMBER_BUG_2.cpp.o  -o cmTC_d99f7 

Source file was:

Performing C++ SOURCE FILE Test CGAL_CFG_DENORMALS_COMPILE_BUG succeded with the following output:
Change Dir: /Users/leehagaman/Desktop/cs184/BuoyancySimulator/CGAL-4.14/CMakeFiles/CMakeTmp

Run Build Command:"/usr/bin/make" "cmTC_8c78a/fast"
/Applications/Xcode.app/Contents/Developer/usr/bin/make -f CMakeFiles/cmTC_8c78a.dir/build.make CMakeFiles/cmTC_8c78a.dir/build
Building CXX object CMakeFiles/cmTC_8c78a.dir/CGAL_CFG_DENORMALS_COMPILE_BUG.cpp.o
/Applications/Xcode.app/Contents/Developer/Toolchains/XcodeDefault.xctoolchain/usr/bin/c++    -isysroot /Applications/Xcode.app/Contents/Developer/Platforms/MacOSX.platform/Developer/SDKs/MacOSX10.14.sdk   -o CMakeFiles/cmTC_8c78a.dir/CGAL_CFG_DENORMALS_COMPILE_BUG.cpp.o -c /Users/leehagaman/Desktop/cs184/BuoyancySimulator/CGAL-4.14/cmake/modules/config/testfiles/CGAL_CFG_DENORMALS_COMPILE_BUG.cpp
Linking CXX executable cmTC_8c78a
/opt/local/bin/cmake -E cmake_link_script CMakeFiles/cmTC_8c78a.dir/link.txt --verbose=1
/Applications/Xcode.app/Contents/Developer/Toolchains/XcodeDefault.xctoolchain/usr/bin/c++    -isysroot /Applications/Xcode.app/Contents/Developer/Platforms/MacOSX.platform/Developer/SDKs/MacOSX10.14.sdk -Wl,-search_paths_first -Wl,-headerpad_max_install_names   CMakeFiles/cmTC_8c78a.dir/CGAL_CFG_DENORMALS_COMPILE_BUG.cpp.o  -o cmTC_8c78a 

Source file was:

Performing C++ SOURCE FILE Test CGAL_CFG_FPU_ROUNDING_MODE_UNWINDING_VC_BUG succeded with the following output:
Change Dir: /Users/leehagaman/Desktop/cs184/BuoyancySimulator/CGAL-4.14/CMakeFiles/CMakeTmp

Run Build Command:"/usr/bin/make" "cmTC_699bf/fast"
/Applications/Xcode.app/Contents/Developer/usr/bin/make -f CMakeFiles/cmTC_699bf.dir/build.make CMakeFiles/cmTC_699bf.dir/build
Building CXX object CMakeFiles/cmTC_699bf.dir/CGAL_CFG_FPU_ROUNDING_MODE_UNWINDING_VC_BUG.cpp.o
/Applications/Xcode.app/Contents/Developer/Toolchains/XcodeDefault.xctoolchain/usr/bin/c++    -isysroot /Applications/Xcode.app/Contents/Developer/Platforms/MacOSX.platform/Developer/SDKs/MacOSX10.14.sdk   -o CMakeFiles/cmTC_699bf.dir/CGAL_CFG_FPU_ROUNDING_MODE_UNWINDING_VC_BUG.cpp.o -c /Users/leehagaman/Desktop/cs184/BuoyancySimulator/CGAL-4.14/cmake/modules/config/testfiles/CGAL_CFG_FPU_ROUNDING_MODE_UNWINDING_VC_BUG.cpp
Linking CXX executable cmTC_699bf
/opt/local/bin/cmake -E cmake_link_script CMakeFiles/cmTC_699bf.dir/link.txt --verbose=1
/Applications/Xcode.app/Contents/Developer/Toolchains/XcodeDefault.xctoolchain/usr/bin/c++    -isysroot /Applications/Xcode.app/Contents/Developer/Platforms/MacOSX.platform/Developer/SDKs/MacOSX10.14.sdk -Wl,-search_paths_first -Wl,-headerpad_max_install_names   CMakeFiles/cmTC_699bf.dir/CGAL_CFG_FPU_ROUNDING_MODE_UNWINDING_VC_BUG.cpp.o  -o cmTC_699bf 

Source file was:

Performing C++ SOURCE FILE Test CGAL_CFG_IEEE_754_BUG succeded with the following output:
Change Dir: /Users/leehagaman/Desktop/cs184/BuoyancySimulator/CGAL-4.14/CMakeFiles/CMakeTmp

Run Build Command:"/usr/bin/make" "cmTC_de95f/fast"
/Applications/Xcode.app/Contents/Developer/usr/bin/make -f CMakeFiles/cmTC_de95f.dir/build.make CMakeFiles/cmTC_de95f.dir/build
Building CXX object CMakeFiles/cmTC_de95f.dir/CGAL_CFG_IEEE_754_BUG.cpp.o
/Applications/Xcode.app/Contents/Developer/Toolchains/XcodeDefault.xctoolchain/usr/bin/c++    -isysroot /Applications/Xcode.app/Contents/Developer/Platforms/MacOSX.platform/Developer/SDKs/MacOSX10.14.sdk   -o CMakeFiles/cmTC_de95f.dir/CGAL_CFG_IEEE_754_BUG.cpp.o -c /Users/leehagaman/Desktop/cs184/BuoyancySimulator/CGAL-4.14/cmake/modules/config/testfiles/CGAL_CFG_IEEE_754_BUG.cpp
Linking CXX executable cmTC_de95f
/opt/local/bin/cmake -E cmake_link_script CMakeFiles/cmTC_de95f.dir/link.txt --verbose=1
/Applications/Xcode.app/Contents/Developer/Toolchains/XcodeDefault.xctoolchain/usr/bin/c++    -isysroot /Applications/Xcode.app/Contents/Developer/Platforms/MacOSX.platform/Developer/SDKs/MacOSX10.14.sdk -Wl,-search_paths_first -Wl,-headerpad_max_install_names   CMakeFiles/cmTC_de95f.dir/CGAL_CFG_IEEE_754_BUG.cpp.o  -o cmTC_de95f 

Source file was:

Performing C++ SOURCE FILE Test CGAL_CFG_ISTREAM_INT_BUG succeded with the following output:
Change Dir: /Users/leehagaman/Desktop/cs184/BuoyancySimulator/CGAL-4.14/CMakeFiles/CMakeTmp

Run Build Command:"/usr/bin/make" "cmTC_6adc2/fast"
/Applications/Xcode.app/Contents/Developer/usr/bin/make -f CMakeFiles/cmTC_6adc2.dir/build.make CMakeFiles/cmTC_6adc2.dir/build
Building CXX object CMakeFiles/cmTC_6adc2.dir/CGAL_CFG_ISTREAM_INT_BUG.cpp.o
/Applications/Xcode.app/Contents/Developer/Toolchains/XcodeDefault.xctoolchain/usr/bin/c++    -isysroot /Applications/Xcode.app/Contents/Developer/Platforms/MacOSX.platform/Developer/SDKs/MacOSX10.14.sdk   -o CMakeFiles/cmTC_6adc2.dir/CGAL_CFG_ISTREAM_INT_BUG.cpp.o -c /Users/leehagaman/Desktop/cs184/BuoyancySimulator/CGAL-4.14/cmake/modules/config/testfiles/CGAL_CFG_ISTREAM_INT_BUG.cpp
Linking CXX executable cmTC_6adc2
/opt/local/bin/cmake -E cmake_link_script CMakeFiles/cmTC_6adc2.dir/link.txt --verbose=1
/Applications/Xcode.app/Contents/Developer/Toolchains/XcodeDefault.xctoolchain/usr/bin/c++    -isysroot /Applications/Xcode.app/Contents/Developer/Platforms/MacOSX.platform/Developer/SDKs/MacOSX10.14.sdk -Wl,-search_paths_first -Wl,-headerpad_max_install_names   CMakeFiles/cmTC_6adc2.dir/CGAL_CFG_ISTREAM_INT_BUG.cpp.o  -o cmTC_6adc2 
7812

Source file was:

Performing C++ SOURCE FILE Test CGAL_CFG_MATCHING_BUG_5 succeded with the following output:
Change Dir: /Users/leehagaman/Desktop/cs184/BuoyancySimulator/CGAL-4.14/CMakeFiles/CMakeTmp

Run Build Command:"/usr/bin/make" "cmTC_29427/fast"
/Applications/Xcode.app/Contents/Developer/usr/bin/make -f CMakeFiles/cmTC_29427.dir/build.make CMakeFiles/cmTC_29427.dir/build
Building CXX object CMakeFiles/cmTC_29427.dir/CGAL_CFG_MATCHING_BUG_5.cpp.o
/Applications/Xcode.app/Contents/Developer/Toolchains/XcodeDefault.xctoolchain/usr/bin/c++    -isysroot /Applications/Xcode.app/Contents/Developer/Platforms/MacOSX.platform/Developer/SDKs/MacOSX10.14.sdk   -o CMakeFiles/cmTC_29427.dir/CGAL_CFG_MATCHING_BUG_5.cpp.o -c /Users/leehagaman/Desktop/cs184/BuoyancySimulator/CGAL-4.14/cmake/modules/config/testfiles/CGAL_CFG_MATCHING_BUG_5.cpp
Linking CXX executable cmTC_29427
/opt/local/bin/cmake -E cmake_link_script CMakeFiles/cmTC_29427.dir/link.txt --verbose=1
/Applications/Xcode.app/Contents/Developer/Toolchains/XcodeDefault.xctoolchain/usr/bin/c++    -isysroot /Applications/Xcode.app/Contents/Developer/Platforms/MacOSX.platform/Developer/SDKs/MacOSX10.14.sdk -Wl,-search_paths_first -Wl,-headerpad_max_install_names   CMakeFiles/cmTC_29427.dir/CGAL_CFG_MATCHING_BUG_5.cpp.o  -o cmTC_29427 

Source file was:

Performing C++ SOURCE FILE Test CGAL_CFG_MATCHING_BUG_6 succeded with the following output:
Change Dir: /Users/leehagaman/Desktop/cs184/BuoyancySimulator/CGAL-4.14/CMakeFiles/CMakeTmp

Run Build Command:"/usr/bin/make" "cmTC_e300d/fast"
/Applications/Xcode.app/Contents/Developer/usr/bin/make -f CMakeFiles/cmTC_e300d.dir/build.make CMakeFiles/cmTC_e300d.dir/build
Building CXX object CMakeFiles/cmTC_e300d.dir/CGAL_CFG_MATCHING_BUG_6.cpp.o
/Applications/Xcode.app/Contents/Developer/Toolchains/XcodeDefault.xctoolchain/usr/bin/c++    -isysroot /Applications/Xcode.app/Contents/Developer/Platforms/MacOSX.platform/Developer/SDKs/MacOSX10.14.sdk   -o CMakeFiles/cmTC_e300d.dir/CGAL_CFG_MATCHING_BUG_6.cpp.o -c /Users/leehagaman/Desktop/cs184/BuoyancySimulator/CGAL-4.14/cmake/modules/config/testfiles/CGAL_CFG_MATCHING_BUG_6.cpp
Linking CXX executable cmTC_e300d
/opt/local/bin/cmake -E cmake_link_script CMakeFiles/cmTC_e300d.dir/link.txt --verbose=1
/Applications/Xcode.app/Contents/Developer/Toolchains/XcodeDefault.xctoolchain/usr/bin/c++    -isysroot /Applications/Xcode.app/Contents/Developer/Platforms/MacOSX.platform/Developer/SDKs/MacOSX10.14.sdk -Wl,-search_paths_first -Wl,-headerpad_max_install_names   CMakeFiles/cmTC_e300d.dir/CGAL_CFG_MATCHING_BUG_6.cpp.o  -o cmTC_e300d 

Source file was:

Performing C++ SOURCE FILE Test CGAL_CFG_MATCHING_BUG_7 succeded with the following output:
Change Dir: /Users/leehagaman/Desktop/cs184/BuoyancySimulator/CGAL-4.14/CMakeFiles/CMakeTmp

Run Build Command:"/usr/bin/make" "cmTC_5006e/fast"
/Applications/Xcode.app/Contents/Developer/usr/bin/make -f CMakeFiles/cmTC_5006e.dir/build.make CMakeFiles/cmTC_5006e.dir/build
Building CXX object CMakeFiles/cmTC_5006e.dir/CGAL_CFG_MATCHING_BUG_7.cpp.o
/Applications/Xcode.app/Contents/Developer/Toolchains/XcodeDefault.xctoolchain/usr/bin/c++    -isysroot /Applications/Xcode.app/Contents/Developer/Platforms/MacOSX.platform/Developer/SDKs/MacOSX10.14.sdk   -o CMakeFiles/cmTC_5006e.dir/CGAL_CFG_MATCHING_BUG_7.cpp.o -c /Users/leehagaman/Desktop/cs184/BuoyancySimulator/CGAL-4.14/cmake/modules/config/testfiles/CGAL_CFG_MATCHING_BUG_7.cpp
Linking CXX executable cmTC_5006e
/opt/local/bin/cmake -E cmake_link_script CMakeFiles/cmTC_5006e.dir/link.txt --verbose=1
/Applications/Xcode.app/Contents/Developer/Toolchains/XcodeDefault.xctoolchain/usr/bin/c++    -isysroot /Applications/Xcode.app/Contents/Developer/Platforms/MacOSX.platform/Developer/SDKs/MacOSX10.14.sdk -Wl,-search_paths_first -Wl,-headerpad_max_install_names   CMakeFiles/cmTC_5006e.dir/CGAL_CFG_MATCHING_BUG_7.cpp.o  -o cmTC_5006e 

Source file was:

Performing C++ SOURCE FILE Test CGAL_CFG_MATCHING_BUG_8 succeded with the following output:
Change Dir: /Users/leehagaman/Desktop/cs184/BuoyancySimulator/CGAL-4.14/CMakeFiles/CMakeTmp

Run Build Command:"/usr/bin/make" "cmTC_d8b90/fast"
/Applications/Xcode.app/Contents/Developer/usr/bin/make -f CMakeFiles/cmTC_d8b90.dir/build.make CMakeFiles/cmTC_d8b90.dir/build
Building CXX object CMakeFiles/cmTC_d8b90.dir/CGAL_CFG_MATCHING_BUG_8.cpp.o
/Applications/Xcode.app/Contents/Developer/Toolchains/XcodeDefault.xctoolchain/usr/bin/c++    -isysroot /Applications/Xcode.app/Contents/Developer/Platforms/MacOSX.platform/Developer/SDKs/MacOSX10.14.sdk   -o CMakeFiles/cmTC_d8b90.dir/CGAL_CFG_MATCHING_BUG_8.cpp.o -c /Users/leehagaman/Desktop/cs184/BuoyancySimulator/CGAL-4.14/cmake/modules/config/testfiles/CGAL_CFG_MATCHING_BUG_8.cpp
Linking CXX executable cmTC_d8b90
/opt/local/bin/cmake -E cmake_link_script CMakeFiles/cmTC_d8b90.dir/link.txt --verbose=1
/Applications/Xcode.app/Contents/Developer/Toolchains/XcodeDefault.xctoolchain/usr/bin/c++    -isysroot /Applications/Xcode.app/Contents/Developer/Platforms/MacOSX.platform/Developer/SDKs/MacOSX10.14.sdk -Wl,-search_paths_first -Wl,-headerpad_max_install_names   CMakeFiles/cmTC_d8b90.dir/CGAL_CFG_MATCHING_BUG_8.cpp.o  -o cmTC_d8b90 

Source file was:

Performing C++ SOURCE FILE Test CGAL_CFG_NO_LIMITS succeded with the following output:
Change Dir: /Users/leehagaman/Desktop/cs184/BuoyancySimulator/CGAL-4.14/CMakeFiles/CMakeTmp

Run Build Command:"/usr/bin/make" "cmTC_40fe1/fast"
/Applications/Xcode.app/Contents/Developer/usr/bin/make -f CMakeFiles/cmTC_40fe1.dir/build.make CMakeFiles/cmTC_40fe1.dir/build
Building CXX object CMakeFiles/cmTC_40fe1.dir/CGAL_CFG_NO_LIMITS.cpp.o
/Applications/Xcode.app/Contents/Developer/Toolchains/XcodeDefault.xctoolchain/usr/bin/c++    -isysroot /Applications/Xcode.app/Contents/Developer/Platforms/MacOSX.platform/Developer/SDKs/MacOSX10.14.sdk   -o CMakeFiles/cmTC_40fe1.dir/CGAL_CFG_NO_LIMITS.cpp.o -c /Users/leehagaman/Desktop/cs184/BuoyancySimulator/CGAL-4.14/cmake/modules/config/testfiles/CGAL_CFG_NO_LIMITS.cpp
Linking CXX executable cmTC_40fe1
/opt/local/bin/cmake -E cmake_link_script CMakeFiles/cmTC_40fe1.dir/link.txt --verbose=1
/Applications/Xcode.app/Contents/Developer/Toolchains/XcodeDefault.xctoolchain/usr/bin/c++    -isysroot /Applications/Xcode.app/Contents/Developer/Platforms/MacOSX.platform/Developer/SDKs/MacOSX10.14.sdk -Wl,-search_paths_first -Wl,-headerpad_max_install_names   CMakeFiles/cmTC_40fe1.dir/CGAL_CFG_NO_LIMITS.cpp.o  -o cmTC_40fe1 

Source file was:

Performing C++ SOURCE FILE Test CGAL_CFG_NO_NEXTAFTER succeded with the following output:
Change Dir: /Users/leehagaman/Desktop/cs184/BuoyancySimulator/CGAL-4.14/CMakeFiles/CMakeTmp

Run Build Command:"/usr/bin/make" "cmTC_32a83/fast"
/Applications/Xcode.app/Contents/Developer/usr/bin/make -f CMakeFiles/cmTC_32a83.dir/build.make CMakeFiles/cmTC_32a83.dir/build
Building CXX object CMakeFiles/cmTC_32a83.dir/CGAL_CFG_NO_NEXTAFTER.cpp.o
/Applications/Xcode.app/Contents/Developer/Toolchains/XcodeDefault.xctoolchain/usr/bin/c++    -isysroot /Applications/Xcode.app/Contents/Developer/Platforms/MacOSX.platform/Developer/SDKs/MacOSX10.14.sdk   -o CMakeFiles/cmTC_32a83.dir/CGAL_CFG_NO_NEXTAFTER.cpp.o -c /Users/leehagaman/Desktop/cs184/BuoyancySimulator/CGAL-4.14/cmake/modules/config/testfiles/CGAL_CFG_NO_NEXTAFTER.cpp
Linking CXX executable cmTC_32a83
/opt/local/bin/cmake -E cmake_link_script CMakeFiles/cmTC_32a83.dir/link.txt --verbose=1
/Applications/Xcode.app/Contents/Developer/Toolchains/XcodeDefault.xctoolchain/usr/bin/c++    -isysroot /Applications/Xcode.app/Contents/Developer/Platforms/MacOSX.platform/Developer/SDKs/MacOSX10.14.sdk -Wl,-search_paths_first -Wl,-headerpad_max_install_names   CMakeFiles/cmTC_32a83.dir/CGAL_CFG_NO_NEXTAFTER.cpp.o  -o cmTC_32a83 

Source file was:

Performing C++ SOURCE FILE Test CGAL_CFG_NO_STL succeded with the following output:
Change Dir: /Users/leehagaman/Desktop/cs184/BuoyancySimulator/CGAL-4.14/CMakeFiles/CMakeTmp

Run Build Command:"/usr/bin/make" "cmTC_afb27/fast"
/Applications/Xcode.app/Contents/Developer/usr/bin/make -f CMakeFiles/cmTC_afb27.dir/build.make CMakeFiles/cmTC_afb27.dir/build
Building CXX object CMakeFiles/cmTC_afb27.dir/CGAL_CFG_NO_STL.cpp.o
/Applications/Xcode.app/Contents/Developer/Toolchains/XcodeDefault.xctoolchain/usr/bin/c++    -isysroot /Applications/Xcode.app/Contents/Developer/Platforms/MacOSX.platform/Developer/SDKs/MacOSX10.14.sdk   -o CMakeFiles/cmTC_afb27.dir/CGAL_CFG_NO_STL.cpp.o -c /Users/leehagaman/Desktop/cs184/BuoyancySimulator/CGAL-4.14/cmake/modules/config/testfiles/CGAL_CFG_NO_STL.cpp
Linking CXX executable cmTC_afb27
/opt/local/bin/cmake -E cmake_link_script CMakeFiles/cmTC_afb27.dir/link.txt --verbose=1
/Applications/Xcode.app/Contents/Developer/Toolchains/XcodeDefault.xctoolchain/usr/bin/c++    -isysroot /Applications/Xcode.app/Contents/Developer/Platforms/MacOSX.platform/Developer/SDKs/MacOSX10.14.sdk -Wl,-search_paths_first -Wl,-headerpad_max_install_names   CMakeFiles/cmTC_afb27.dir/CGAL_CFG_NO_STL.cpp.o  -o cmTC_afb27 

Source file was:

Performing C++ SOURCE FILE Test CGAL_CFG_NUMERIC_LIMITS_BUG succeded with the following output:
Change Dir: /Users/leehagaman/Desktop/cs184/BuoyancySimulator/CGAL-4.14/CMakeFiles/CMakeTmp

Run Build Command:"/usr/bin/make" "cmTC_83a0b/fast"
/Applications/Xcode.app/Contents/Developer/usr/bin/make -f CMakeFiles/cmTC_83a0b.dir/build.make CMakeFiles/cmTC_83a0b.dir/build
Building CXX object CMakeFiles/cmTC_83a0b.dir/CGAL_CFG_NUMERIC_LIMITS_BUG.cpp.o
/Applications/Xcode.app/Contents/Developer/Toolchains/XcodeDefault.xctoolchain/usr/bin/c++    -isysroot /Applications/Xcode.app/Contents/Developer/Platforms/MacOSX.platform/Developer/SDKs/MacOSX10.14.sdk   -o CMakeFiles/cmTC_83a0b.dir/CGAL_CFG_NUMERIC_LIMITS_BUG.cpp.o -c /Users/leehagaman/Desktop/cs184/BuoyancySimulator/CGAL-4.14/cmake/modules/config/testfiles/CGAL_CFG_NUMERIC_LIMITS_BUG.cpp
Linking CXX executable cmTC_83a0b
/opt/local/bin/cmake -E cmake_link_script CMakeFiles/cmTC_83a0b.dir/link.txt --verbose=1
/Applications/Xcode.app/Contents/Developer/Toolchains/XcodeDefault.xctoolchain/usr/bin/c++    -isysroot /Applications/Xcode.app/Contents/Developer/Platforms/MacOSX.platform/Developer/SDKs/MacOSX10.14.sdk -Wl,-search_paths_first -Wl,-headerpad_max_install_names   CMakeFiles/cmTC_83a0b.dir/CGAL_CFG_NUMERIC_LIMITS_BUG.cpp.o  -o cmTC_83a0b 

Source file was:

Performing C++ SOURCE FILE Test CGAL_CFG_OUTOFLINE_MEMBER_DEFINITION_BUG succeded with the following output:
Change Dir: /Users/leehagaman/Desktop/cs184/BuoyancySimulator/CGAL-4.14/CMakeFiles/CMakeTmp

Run Build Command:"/usr/bin/make" "cmTC_b86d4/fast"
/Applications/Xcode.app/Contents/Developer/usr/bin/make -f CMakeFiles/cmTC_b86d4.dir/build.make CMakeFiles/cmTC_b86d4.dir/build
Building CXX object CMakeFiles/cmTC_b86d4.dir/CGAL_CFG_OUTOFLINE_MEMBER_DEFINITION_BUG.cpp.o
/Applications/Xcode.app/Contents/Developer/Toolchains/XcodeDefault.xctoolchain/usr/bin/c++    -isysroot /Applications/Xcode.app/Contents/Developer/Platforms/MacOSX.platform/Developer/SDKs/MacOSX10.14.sdk   -o CMakeFiles/cmTC_b86d4.dir/CGAL_CFG_OUTOFLINE_MEMBER_DEFINITION_BUG.cpp.o -c /Users/leehagaman/Desktop/cs184/BuoyancySimulator/CGAL-4.14/cmake/modules/config/testfiles/CGAL_CFG_OUTOFLINE_MEMBER_DEFINITION_BUG.cpp
Linking CXX executable cmTC_b86d4
/opt/local/bin/cmake -E cmake_link_script CMakeFiles/cmTC_b86d4.dir/link.txt --verbose=1
/Applications/Xcode.app/Contents/Developer/Toolchains/XcodeDefault.xctoolchain/usr/bin/c++    -isysroot /Applications/Xcode.app/Contents/Developer/Platforms/MacOSX.platform/Developer/SDKs/MacOSX10.14.sdk -Wl,-search_paths_first -Wl,-headerpad_max_install_names   CMakeFiles/cmTC_b86d4.dir/CGAL_CFG_OUTOFLINE_MEMBER_DEFINITION_BUG.cpp.o  -o cmTC_b86d4 

Source file was:

Performing C++ SOURCE FILE Test CGAL_CFG_TEMPLATE_IN_DEFAULT_PARAMETER_BUG succeded with the following output:
Change Dir: /Users/leehagaman/Desktop/cs184/BuoyancySimulator/CGAL-4.14/CMakeFiles/CMakeTmp

Run Build Command:"/usr/bin/make" "cmTC_24a14/fast"
/Applications/Xcode.app/Contents/Developer/usr/bin/make -f CMakeFiles/cmTC_24a14.dir/build.make CMakeFiles/cmTC_24a14.dir/build
Building CXX object CMakeFiles/cmTC_24a14.dir/CGAL_CFG_TEMPLATE_IN_DEFAULT_PARAMETER_BUG.cpp.o
/Applications/Xcode.app/Contents/Developer/Toolchains/XcodeDefault.xctoolchain/usr/bin/c++    -isysroot /Applications/Xcode.app/Contents/Developer/Platforms/MacOSX.platform/Developer/SDKs/MacOSX10.14.sdk   -o CMakeFiles/cmTC_24a14.dir/CGAL_CFG_TEMPLATE_IN_DEFAULT_PARAMETER_BUG.cpp.o -c /Users/leehagaman/Desktop/cs184/BuoyancySimulator/CGAL-4.14/cmake/modules/config/testfiles/CGAL_CFG_TEMPLATE_IN_DEFAULT_PARAMETER_BUG.cpp
Linking CXX executable cmTC_24a14
/opt/local/bin/cmake -E cmake_link_script CMakeFiles/cmTC_24a14.dir/link.txt --verbose=1
/Applications/Xcode.app/Contents/Developer/Toolchains/XcodeDefault.xctoolchain/usr/bin/c++    -isysroot /Applications/Xcode.app/Contents/Developer/Platforms/MacOSX.platform/Developer/SDKs/MacOSX10.14.sdk -Wl,-search_paths_first -Wl,-headerpad_max_install_names   CMakeFiles/cmTC_24a14.dir/CGAL_CFG_TEMPLATE_IN_DEFAULT_PARAMETER_BUG.cpp.o  -o cmTC_24a14 

Source file was:

Performing C++ SOURCE FILE Test CGAL_CFG_TYPENAME_BEFORE_DEFAULT_ARGUMENT_BUG succeded with the following output:
Change Dir: /Users/leehagaman/Desktop/cs184/BuoyancySimulator/CGAL-4.14/CMakeFiles/CMakeTmp

Run Build Command:"/usr/bin/make" "cmTC_7215f/fast"
/Applications/Xcode.app/Contents/Developer/usr/bin/make -f CMakeFiles/cmTC_7215f.dir/build.make CMakeFiles/cmTC_7215f.dir/build
Building CXX object CMakeFiles/cmTC_7215f.dir/CGAL_CFG_TYPENAME_BEFORE_DEFAULT_ARGUMENT_BUG.cpp.o
/Applications/Xcode.app/Contents/Developer/Toolchains/XcodeDefault.xctoolchain/usr/bin/c++    -isysroot /Applications/Xcode.app/Contents/Developer/Platforms/MacOSX.platform/Developer/SDKs/MacOSX10.14.sdk   -o CMakeFiles/cmTC_7215f.dir/CGAL_CFG_TYPENAME_BEFORE_DEFAULT_ARGUMENT_BUG.cpp.o -c /Users/leehagaman/Desktop/cs184/BuoyancySimulator/CGAL-4.14/cmake/modules/config/testfiles/CGAL_CFG_TYPENAME_BEFORE_DEFAULT_ARGUMENT_BUG.cpp
Linking CXX executable cmTC_7215f
/opt/local/bin/cmake -E cmake_link_script CMakeFiles/cmTC_7215f.dir/link.txt --verbose=1
/Applications/Xcode.app/Contents/Developer/Toolchains/XcodeDefault.xctoolchain/usr/bin/c++    -isysroot /Applications/Xcode.app/Contents/Developer/Platforms/MacOSX.platform/Developer/SDKs/MacOSX10.14.sdk -Wl,-search_paths_first -Wl,-headerpad_max_install_names   CMakeFiles/cmTC_7215f.dir/CGAL_CFG_TYPENAME_BEFORE_DEFAULT_ARGUMENT_BUG.cpp.o  -o cmTC_7215f 

Source file was:

Performing C++ SOURCE FILE Test CGAL_CFG_USING_BASE_MEMBER_BUG_2 succeded with the following output:
Change Dir: /Users/leehagaman/Desktop/cs184/BuoyancySimulator/CGAL-4.14/CMakeFiles/CMakeTmp

Run Build Command:"/usr/bin/make" "cmTC_9c87e/fast"
/Applications/Xcode.app/Contents/Developer/usr/bin/make -f CMakeFiles/cmTC_9c87e.dir/build.make CMakeFiles/cmTC_9c87e.dir/build
Building CXX object CMakeFiles/cmTC_9c87e.dir/CGAL_CFG_USING_BASE_MEMBER_BUG_2.cpp.o
/Applications/Xcode.app/Contents/Developer/Toolchains/XcodeDefault.xctoolchain/usr/bin/c++    -isysroot /Applications/Xcode.app/Contents/Developer/Platforms/MacOSX.platform/Developer/SDKs/MacOSX10.14.sdk   -o CMakeFiles/cmTC_9c87e.dir/CGAL_CFG_USING_BASE_MEMBER_BUG_2.cpp.o -c /Users/leehagaman/Desktop/cs184/BuoyancySimulator/CGAL-4.14/cmake/modules/config/testfiles/CGAL_CFG_USING_BASE_MEMBER_BUG_2.cpp
Linking CXX executable cmTC_9c87e
/opt/local/bin/cmake -E cmake_link_script CMakeFiles/cmTC_9c87e.dir/link.txt --verbose=1
/Applications/Xcode.app/Contents/Developer/Toolchains/XcodeDefault.xctoolchain/usr/bin/c++    -isysroot /Applications/Xcode.app/Contents/Developer/Platforms/MacOSX.platform/Developer/SDKs/MacOSX10.14.sdk -Wl,-search_paths_first -Wl,-headerpad_max_install_names   CMakeFiles/cmTC_9c87e.dir/CGAL_CFG_USING_BASE_MEMBER_BUG_2.cpp.o  -o cmTC_9c87e 

Source file was:

